{"meta": {"format": 3, "version": "7.15.2", "timestamp": "2026-07-25T09:07:23.410424", "branch_coverage": false, "show_contexts": false}, "files": {"app\\__init__.py": {"executed_lines": [], "summary": {"covered_lines": 0, "num_statements": 0, "percent_covered": 100.0, "percent_covered_display": "100", "missing_lines": 0, "excluded_lines": 0, "percent_statements_covered": 100.0, "percent_statements_covered_display": "100"}, "missing_lines": [], "excluded_lines": [], "functions": {"": {"executed_lines": [], "summary": {"covered_lines": 0, "num_statements": 0, "percent_covered": 100.0, "percent_covered_display": "100", "missing_lines": 0, "excluded_lines": 0, "percent_statements_covered": 100.0, "percent_statements_covered_display": "100"}, "missing_lines": [], "excluded_lines": [], "start_line": 1}}, "classes": {"": {"executed_lines": [], "summary": {"covered_lines": 0, "num_statements": 0, "percent_covered": 100.0, "percent_covered_display": "100", "missing_lines": 0, "excluded_lines": 0, "percent_statements_covered": 100.0, "percent_statements_covered_display": "100"}, "missing_lines": [], "excluded_lines": [], "start_line": 1}}}, "app\\api\\__init__.py": {"executed_lines": [], "summary": {"covered_lines": 0, "num_statements": 0, "percent_covered": 100.0, "percent_covered_display": "100", "missing_lines": 0, "excluded_lines": 0, "percent_statements_covered": 100.0, "percent_statements_covered_display": "100"}, "missing_lines": [], "excluded_lines": [], "functions": {"": {"executed_lines": [], "summary": {"covered_lines": 0, "num_statements": 0, "percent_covered": 100.0, "percent_covered_display": "100", "missing_lines": 0, "excluded_lines": 0, "percent_statements_covered": 100.0, "percent_statements_covered_display": "100"}, "missing_lines": [], "excluded_lines": [], "start_line": 1}}, "classes": {"": {"executed_lines": [], "summary": {"covered_lines": 0, "num_statements": 0, "percent_covered": 100.0, "percent_covered_display": "100", "missing_lines": 0, "excluded_lines": 0, "percent_statements_covered": 100.0, "percent_statements_covered_display": "100"}, "missing_lines": [], "excluded_lines": [], "start_line": 1}}}, "app\\api\\exercises.py": {"executed_lines": [1, 3, 4, 5, 6, 7, 8, 9, 10, 11, 13, 14, 15, 17, 22, 23, 32, 34, 35, 38, 75, 76, 79, 80, 81, 84, 85, 86, 90, 91, 94, 95, 96, 98, 99, 100, 101, 103, 105, 106, 107, 109, 112, 113, 114, 116, 117, 118, 119, 120, 122, 124, 126, 127, 128, 129, 130, 131, 132, 134, 137, 138, 139, 140, 142, 143, 144, 145, 146, 148, 149, 150, 152, 155, 156, 157, 158, 160, 161, 162, 163, 164, 165, 166, 167, 168, 170, 171, 172, 173, 175, 176, 177, 179, 180, 181, 182, 183, 184, 185, 187, 189, 191, 192, 194, 195, 196, 198, 200, 203, 204, 205, 206, 207, 208, 209, 211, 214, 215, 216, 217, 218, 220, 223, 224, 225, 226, 227, 229, 232, 233, 234, 235, 236, 237, 238, 240, 241, 242, 243, 244, 245, 246, 247, 249, 250, 251, 252, 253, 254, 255, 256, 257, 259, 261, 263, 264, 265, 266, 267, 268, 270, 273, 274, 277, 278, 281, 282, 285, 286, 288, 289, 291, 292, 294, 295, 296, 297, 298, 300, 302, 303, 304, 307, 322, 323, 324, 325, 326, 327, 328, 329, 332, 333, 334, 336, 337, 338, 340, 341, 347, 348, 351, 352, 353, 354, 355, 357, 358, 361, 363, 366, 367, 371, 372, 373, 378, 379, 380, 382, 383, 388, 389, 390, 391, 393, 394, 407, 408, 410, 411, 413, 423, 426, 427, 431, 432, 438, 439, 440, 442, 443, 448, 452, 455, 456, 457, 459, 460, 463, 466, 467, 468, 469, 470, 473, 474, 475, 476, 477, 478, 482, 483, 484, 486, 487, 490, 493, 494, 497, 498, 499, 500, 502, 503, 505, 508, 509, 512, 513, 514, 515, 517, 554, 568, 569, 580, 581, 582, 583, 594, 597, 598, 600, 601, 602, 603, 613, 616, 617, 620, 621, 625, 626, 627, 630, 639, 643, 647, 648, 649, 650, 651, 652, 654, 656, 659, 660, 663, 664, 668, 669, 670, 673, 677, 678, 679, 680, 681, 682, 683, 685, 687, 689, 690, 696, 697, 712, 713, 755, 756, 757, 758, 760, 761, 762, 764, 765, 766, 767, 769, 772, 773, 774, 775, 777, 779, 780, 781, 782, 787, 788, 793, 798, 800, 805, 807, 808, 813, 839, 840, 842, 843, 854, 855, 864, 865, 870, 871, 882, 884, 894, 899, 900, 901, 906], "summary": {"covered_lines": 386, "num_statements": 489, "percent_covered": 78.93660531697341, "percent_covered_display": "79", "missing_lines": 103, "excluded_lines": 0, "percent_statements_covered": 78.93660531697341, "percent_statements_covered_display": "79"}, "missing_lines": [82, 88, 102, 108, 121, 123, 133, 147, 151, 186, 188, 190, 197, 199, 310, 311, 313, 315, 316, 317, 318, 319, 342, 343, 356, 359, 360, 362, 384, 433, 444, 461, 479, 488, 555, 556, 557, 559, 570, 571, 576, 595, 622, 623, 628, 640, 641, 665, 666, 671, 674, 675, 691, 692, 693, 694, 698, 699, 700, 702, 703, 704, 706, 708, 709, 710, 714, 715, 716, 717, 719, 721, 724, 727, 731, 732, 733, 734, 735, 736, 737, 738, 740, 741, 743, 744, 745, 746, 747, 748, 749, 750, 751, 752, 753, 768, 770, 809, 895, 902, 903, 904, 905], "excluded_lines": [], "functions": {"_priority_for_additional_spectrum_filename": {"executed_lines": [80, 81, 84, 85, 86, 90, 91], "summary": {"covered_lines": 7, "num_statements": 9, "percent_covered": 77.77777777777777, "percent_covered_display": "78", "missing_lines": 2, "excluded_lines": 0, "percent_statements_covered": 77.77777777777777, "percent_statements_covered_display": "78"}, "missing_lines": [82, 88], "excluded_lines": [], "start_line": 79}, "AxisScale.validate_finite": {"executed_lines": [101, 103], "summary": {"covered_lines": 2, "num_statements": 3, "percent_covered": 66.66666666666667, "percent_covered_display": "67", "missing_lines": 1, "excluded_lines": 0, "percent_statements_covered": 66.66666666666667, "percent_statements_covered_display": "67"}, "missing_lines": [102], "excluded_lines": [], "start_line": 100}, "AxisScale.validate_not_equal": {"executed_lines": [107, 109], "summary": {"covered_lines": 2, "num_statements": 3, "percent_covered": 66.66666666666667, "percent_covered_display": "67", "missing_lines": 1, "excluded_lines": 0, "percent_statements_covered": 66.66666666666667, "percent_statements_covered_display": "67"}, "missing_lines": [108], "excluded_lines": [], "start_line": 106}, "UploadedSvgPayload.validate_filename": {"executed_lines": [119, 120, 122, 124], "summary": {"covered_lines": 4, "num_statements": 6, "percent_covered": 66.66666666666667, "percent_covered_display": "67", "missing_lines": 2, "excluded_lines": 0, "percent_statements_covered": 66.66666666666667, "percent_statements_covered_display": "67"}, "missing_lines": [121, 123], "excluded_lines": [], "start_line": 118}, "UploadedSvgPayload.validate_svg_content": {"executed_lines": [129, 130, 131, 132, 134], "summary": {"covered_lines": 5, "num_statements": 6, "percent_covered": 83.33333333333333, "percent_covered_display": "83", "missing_lines": 1, "excluded_lines": 0, "percent_statements_covered": 83.33333333333333, "percent_statements_covered_display": "83"}, "missing_lines": [133], "excluded_lines": [], "start_line": 128}, "AdditionalSpectrumPayload.validate_filename": {"executed_lines": [145, 146, 148, 149, 150, 152], "summary": {"covered_lines": 6, "num_statements": 8, "percent_covered": 75.0, "percent_covered_display": "75", "missing_lines": 2, "excluded_lines": 0, "percent_statements_covered": 75.0, "percent_statements_covered_display": "75"}, "missing_lines": [147, 151], "excluded_lines": [], "start_line": 144}, "ExerciseCreate.validate_tags": {"executed_lines": [182, 183, 184, 185, 187, 189, 191, 192], "summary": {"covered_lines": 8, "num_statements": 11, "percent_covered": 72.72727272727273, "percent_covered_display": "73", "missing_lines": 3, "excluded_lines": 0, "percent_statements_covered": 72.72727272727273, "percent_statements_covered_display": "73"}, "missing_lines": [186, 188, 190], "excluded_lines": [], "start_line": 181}, "ExerciseCreate.validate_name": {"executed_lines": [196, 198, 200], "summary": {"covered_lines": 3, "num_statements": 5, "percent_covered": 60.0, "percent_covered_display": "60", "missing_lines": 2, "excluded_lines": 0, "percent_statements_covered": 60.0, "percent_statements_covered_display": "60"}, "missing_lines": [197, 199], "excluded_lines": [], "start_line": 195}, "_uploads_root": {"executed_lines": [295, 296, 297, 298], "summary": {"covered_lines": 4, "num_statements": 4, "percent_covered": 100.0, "percent_covered_display": "100", "missing_lines": 0, "excluded_lines": 0, "percent_statements_covered": 100.0, "percent_statements_covered_display": "100"}, "missing_lines": [], "excluded_lines": [], "start_line": 294}, "_upload_file_path_to_url": {"executed_lines": [302, 303, 304], "summary": {"covered_lines": 3, "num_statements": 3, "percent_covered": 100.0, "percent_covered_display": "100", "missing_lines": 0, "excluded_lines": 0, "percent_statements_covered": 100.0, "percent_statements_covered_display": "100"}, "missing_lines": [], "excluded_lines": [], "start_line": 300}, "_abs_path_to_url": {"executed_lines": [], "summary": {"covered_lines": 0, "num_statements": 8, "percent_covered": 0.0, "percent_covered_display": "0", "missing_lines": 8, "excluded_lines": 0, "percent_statements_covered": 0.0, "percent_statements_covered_display": "0"}, "missing_lines": [310, 311, 313, 315, 316, 317, 318, 319], "excluded_lines": [], "start_line": 307}, "_write_text_file": {"executed_lines": [323, 324, 325, 326, 327, 328, 329], "summary": {"covered_lines": 7, "num_statements": 7, "percent_covered": 100.0, "percent_covered_display": "100", "missing_lines": 0, "excluded_lines": 0, "percent_statements_covered": 100.0, "percent_statements_covered_display": "100"}, "missing_lines": [], "excluded_lines": [], "start_line": 322}, "_write_base64_file": {"executed_lines": [333, 334, 336, 337, 338, 340, 341, 347, 348], "summary": {"covered_lines": 9, "num_statements": 11, "percent_covered": 81.81818181818181, "percent_covered_display": "82", "missing_lines": 2, "excluded_lines": 0, "percent_statements_covered": 81.81818181818181, "percent_statements_covered_display": "82"}, "missing_lines": [342, 343], "excluded_lines": [], "start_line": 332}, "_normalize_j_values_to_csv": {"executed_lines": [352, 353, 354, 355, 357, 358, 361, 363], "summary": {"covered_lines": 8, "num_statements": 12, "percent_covered": 66.66666666666667, "percent_covered_display": "67", "missing_lines": 4, "excluded_lines": 0, "percent_statements_covered": 66.66666666666667, "percent_statements_covered_display": "67"}, "missing_lines": [356, 359, 360, 362], "excluded_lines": [], "start_line": 351}, "_parse_h1_nmr_text": {"executed_lines": [367, 371, 372, 373, 378, 379, 380, 382, 383, 388, 389, 390, 391, 393, 394, 407, 408, 410, 411, 413, 423], "summary": {"covered_lines": 21, "num_statements": 22, "percent_covered": 95.45454545454545, "percent_covered_display": "95", "missing_lines": 1, "excluded_lines": 0, "percent_statements_covered": 95.45454545454545, "percent_statements_covered_display": "95"}, "missing_lines": [384], "excluded_lines": [], "start_line": 366}, "_parse_c13_nmr_text": {"executed_lines": [427, 431, 432, 438, 439, 440, 442, 443, 448, 452], "summary": {"covered_lines": 10, "num_statements": 12, "percent_covered": 83.33333333333333, "percent_covered_display": "83", "missing_lines": 2, "excluded_lines": 0, "percent_statements_covered": 83.33333333333333, "percent_statements_covered_display": "83"}, "missing_lines": [433, 444], "excluded_lines": [], "start_line": 426}, "_normalize_hashed_value": {"executed_lines": [456, 457, 459, 460, 463], "summary": {"covered_lines": 5, "num_statements": 6, "percent_covered": 83.33333333333333, "percent_covered_display": "83", "missing_lines": 1, "excluded_lines": 0, "percent_statements_covered": 83.33333333333333, "percent_statements_covered_display": "83"}, "missing_lines": [461], "excluded_lines": [], "start_line": 455}, "_normalize_optional_text": {"executed_lines": [467, 468, 469, 470], "summary": {"covered_lines": 4, "num_statements": 4, "percent_covered": 100.0, "percent_covered_display": "100", "missing_lines": 0, "excluded_lines": 0, "percent_statements_covered": 100.0, "percent_statements_covered_display": "100"}, "missing_lines": [], "excluded_lines": [], "start_line": 466}, "_normalize_solution_hash": {"executed_lines": [474, 475, 476, 477, 478], "summary": {"covered_lines": 5, "num_statements": 6, "percent_covered": 83.33333333333333, "percent_covered_display": "83", "missing_lines": 1, "excluded_lines": 0, "percent_statements_covered": 83.33333333333333, "percent_statements_covered_display": "83"}, "missing_lines": [479], "excluded_lines": [], "start_line": 473}, "_normalize_solution_cas_number": {"executed_lines": [483, 484, 486, 487, 490], "summary": {"covered_lines": 5, "num_statements": 6, "percent_covered": 83.33333333333333, "percent_covered_display": "83", "missing_lines": 1, "excluded_lines": 0, "percent_statements_covered": 83.33333333333333, "percent_statements_covered_display": "83"}, "missing_lines": [488], "excluded_lines": [], "start_line": 482}, "_hash_solution_cas_number": {"executed_lines": [494], "summary": {"covered_lines": 1, "num_statements": 1, "percent_covered": 100.0, "percent_covered_display": "100", "missing_lines": 0, "excluded_lines": 0, "percent_statements_covered": 100.0, "percent_statements_covered_display": "100"}, "missing_lines": [], "excluded_lines": [], "start_line": 493}, "_normalize_or_hash_solution_cas": {"executed_lines": [498, 499, 500, 502, 503, 505], "summary": {"covered_lines": 6, "num_statements": 6, "percent_covered": 100.0, "percent_covered_display": "100", "missing_lines": 0, "excluded_lines": 0, "percent_statements_covered": 100.0, "percent_statements_covered_display": "100"}, "missing_lines": [], "excluded_lines": [], "start_line": 497}, "_prepare_solution_cas_fields": {"executed_lines": [509], "summary": {"covered_lines": 1, "num_statements": 1, "percent_covered": 100.0, "percent_covered_display": "100", "missing_lines": 0, "excluded_lines": 0, "percent_statements_covered": 100.0, "percent_statements_covered_display": "100"}, "missing_lines": [], "excluded_lines": [], "start_line": 508}, "_to_response": {"executed_lines": [513, 514, 515, 517], "summary": {"covered_lines": 4, "num_statements": 4, "percent_covered": 100.0, "percent_covered_display": "100", "missing_lines": 0, "excluded_lines": 0, "percent_statements_covered": 100.0, "percent_statements_covered_display": "100"}, "missing_lines": [], "excluded_lines": [], "start_line": 512}, "_to_summary_response": {"executed_lines": [], "summary": {"covered_lines": 0, "num_statements": 4, "percent_covered": 0.0, "percent_covered_display": "0", "missing_lines": 4, "excluded_lines": 0, "percent_statements_covered": 0.0, "percent_statements_covered_display": "0"}, "missing_lines": [555, 556, 557, 559], "excluded_lines": [], "start_line": 554}, "list_exercise_summaries": {"executed_lines": [], "summary": {"covered_lines": 0, "num_statements": 3, "percent_covered": 0.0, "percent_covered_display": "0", "missing_lines": 3, "excluded_lines": 0, "percent_statements_covered": 0.0, "percent_statements_covered_display": "0"}, "missing_lines": [570, 571, 576], "excluded_lines": [], "start_line": 569}, "get_exercise": {"executed_lines": [582, 583, 594, 597, 598], "summary": {"covered_lines": 5, "num_statements": 6, "percent_covered": 83.33333333333333, "percent_covered_display": "83", "missing_lines": 1, "excluded_lines": 0, "percent_statements_covered": 83.33333333333333, "percent_statements_covered_display": "83"}, "missing_lines": [595], "excluded_lines": [], "start_line": 581}, "list_exercises": {"executed_lines": [602, 603, 613], "summary": {"covered_lines": 3, "num_statements": 3, "percent_covered": 100.0, "percent_covered_display": "100", "missing_lines": 0, "excluded_lines": 0, "percent_statements_covered": 100.0, "percent_statements_covered_display": "100"}, "missing_lines": [], "excluded_lines": [], "start_line": 601}, "validate_cas_answer": {"executed_lines": [620, 621, 625, 626, 627, 630, 639, 643, 647, 648, 649, 650, 651, 652, 654, 656], "summary": {"covered_lines": 16, "num_statements": 21, "percent_covered": 76.19047619047619, "percent_covered_display": "76", "missing_lines": 5, "excluded_lines": 0, "percent_statements_covered": 76.19047619047619, "percent_statements_covered_display": "76"}, "missing_lines": [622, 623, 628, 640, 641], "excluded_lines": [], "start_line": 617}, "validate_solution_answer": {"executed_lines": [663, 664, 668, 669, 670, 673, 677, 678, 679, 680, 681, 682, 683, 685, 687], "summary": {"covered_lines": 15, "num_statements": 20, "percent_covered": 75.0, "percent_covered_display": "75", "missing_lines": 5, "excluded_lines": 0, "percent_statements_covered": 75.0, "percent_statements_covered_display": "75"}, "missing_lines": [665, 666, 671, 674, 675], "excluded_lines": [], "start_line": 660}, "get_exercise_dbe": {"executed_lines": [], "summary": {"covered_lines": 0, "num_statements": 4, "percent_covered": 0.0, "percent_covered_display": "0", "missing_lines": 4, "excluded_lines": 0, "percent_statements_covered": 0.0, "percent_statements_covered_display": "0"}, "missing_lines": [691, 692, 693, 694], "excluded_lines": [], "start_line": 690}, "update_exercise_dbe": {"executed_lines": [], "summary": {"covered_lines": 0, "num_statements": 10, "percent_covered": 0.0, "percent_covered_display": "0", "missing_lines": 10, "excluded_lines": 0, "percent_statements_covered": 0.0, "percent_statements_covered_display": "0"}, "missing_lines": [698, 699, 700, 702, 703, 704, 706, 708, 709, 710], "excluded_lines": [], "start_line": 697}, "delete_exercise": {"executed_lines": [], "summary": {"covered_lines": 0, "num_statements": 29, "percent_covered": 0.0, "percent_covered_display": "0", "missing_lines": 29, "excluded_lines": 0, "percent_statements_covered": 0.0, "percent_statements_covered_display": "0"}, "missing_lines": [714, 715, 716, 717, 719, 721, 724, 727, 731, 732, 733, 734, 735, 736, 737, 738, 740, 741, 743, 744, 745, 746, 747, 748, 749, 750, 751, 752, 753], "excluded_lines": [], "start_line": 713}, "create_exercise": {"executed_lines": [757, 758, 760, 761, 762, 764, 765, 766, 767, 769, 772, 773, 774, 775, 777, 779, 780, 781, 782, 787, 788, 793, 798, 800, 805, 807, 808, 813, 839, 840, 842, 843, 854, 855, 864, 865, 870, 871, 882, 884, 894, 899, 900, 901, 906], "summary": {"covered_lines": 45, "num_statements": 53, "percent_covered": 84.90566037735849, "percent_covered_display": "85", "missing_lines": 8, "excluded_lines": 0, "percent_statements_covered": 84.90566037735849, "percent_statements_covered_display": "85"}, "missing_lines": [768, 770, 809, 895, 902, 903, 904, 905], "excluded_lines": [], "start_line": 756}, "": {"executed_lines": [1, 3, 4, 5, 6, 7, 8, 9, 10, 11, 13, 14, 15, 17, 22, 23, 32, 34, 35, 38, 75, 76, 79, 94, 95, 96, 98, 99, 100, 105, 106, 112, 113, 114, 116, 117, 118, 126, 127, 128, 137, 138, 139, 140, 142, 143, 144, 155, 156, 157, 158, 160, 161, 162, 163, 164, 165, 166, 167, 168, 170, 171, 172, 173, 175, 176, 177, 179, 180, 181, 194, 195, 203, 204, 205, 206, 207, 208, 209, 211, 214, 215, 216, 217, 218, 220, 223, 224, 225, 226, 227, 229, 232, 233, 234, 235, 236, 237, 238, 240, 241, 242, 243, 244, 245, 246, 247, 249, 250, 251, 252, 253, 254, 255, 256, 257, 259, 261, 263, 264, 265, 266, 267, 268, 270, 273, 274, 277, 278, 281, 282, 285, 286, 288, 289, 291, 292, 294, 300, 307, 322, 332, 351, 366, 426, 455, 466, 473, 482, 493, 497, 508, 512, 554, 568, 569, 580, 581, 600, 601, 616, 617, 659, 660, 689, 690, 696, 697, 712, 713, 755, 756], "summary": {"covered_lines": 172, "num_statements": 172, "percent_covered": 100.0, "percent_covered_display": "100", "missing_lines": 0, "excluded_lines": 0, "percent_statements_covered": 100.0, "percent_statements_covered_display": "100"}, "missing_lines": [], "excluded_lines": [], "start_line": 1}}, "classes": {"AxisScale": {"executed_lines": [101, 103, 107, 109], "summary": {"covered_lines": 4, "num_statements": 6, "percent_covered": 66.66666666666667, "percent_covered_display": "67", "missing_lines": 2, "excluded_lines": 0, "percent_statements_covered": 66.66666666666667, "percent_statements_covered_display": "67"}, "missing_lines": [102, 108], "excluded_lines": [], "start_line": 94}, "UploadedSvgPayload": {"executed_lines": [119, 120, 122, 124, 129, 130, 131, 132, 134], "summary": {"covered_lines": 9, "num_statements": 12, "percent_covered": 75.0, "percent_covered_display": "75", "missing_lines": 3, "excluded_lines": 0, "percent_statements_covered": 75.0, "percent_statements_covered_display": "75"}, "missing_lines": [121, 123, 133], "excluded_lines": [], "start_line": 112}, "AdditionalSpectrumPayload": {"executed_lines": [145, 146, 148, 149, 150, 152], "summary": {"covered_lines": 6, "num_statements": 8, "percent_covered": 75.0, "percent_covered_display": "75", "missing_lines": 2, "excluded_lines": 0, "percent_statements_covered": 75.0, "percent_statements_covered_display": "75"}, "missing_lines": [147, 151], "excluded_lines": [], "start_line": 137}, "ExerciseCreate": {"executed_lines": [182, 183, 184, 185, 187, 189, 191, 192, 196, 198, 200], "summary": {"covered_lines": 11, "num_statements": 16, "percent_covered": 68.75, "percent_covered_display": "69", "missing_lines": 5, "excluded_lines": 0, "percent_statements_covered": 68.75, "percent_statements_covered_display": "69"}, "missing_lines": [186, 188, 190, 197, 199], "excluded_lines": [], "start_line": 155}, "H1PeakOut": {"executed_lines": [], "summary": {"covered_lines": 0, "num_statements": 0, "percent_covered": 100.0, "percent_covered_display": "100", "missing_lines": 0, "excluded_lines": 0, "percent_statements_covered": 100.0, "percent_statements_covered_display": "100"}, "missing_lines": [], "excluded_lines": [], "start_line": 203}, "C13PeakOut": {"executed_lines": [], "summary": {"covered_lines": 0, "num_statements": 0, "percent_covered": 100.0, "percent_covered_display": "100", "missing_lines": 0, "excluded_lines": 0, "percent_statements_covered": 100.0, "percent_statements_covered_display": "100"}, "missing_lines": [], "excluded_lines": [], "start_line": 214}, "AdditionalSpectrumOut": {"executed_lines": [], "summary": {"covered_lines": 0, "num_statements": 0, "percent_covered": 100.0, "percent_covered_display": "100", "missing_lines": 0, "excluded_lines": 0, "percent_statements_covered": 100.0, "percent_statements_covered_display": "100"}, "missing_lines": [], "excluded_lines": [], "start_line": 223}, "ExerciseOut": {"executed_lines": [], "summary": {"covered_lines": 0, "num_statements": 0, "percent_covered": 100.0, "percent_covered_display": "100", "missing_lines": 0, "excluded_lines": 0, "percent_statements_covered": 100.0, "percent_statements_covered_display": "100"}, "missing_lines": [], "excluded_lines": [], "start_line": 232}, "ExerciseSummaryOut": {"executed_lines": [], "summary": {"covered_lines": 0, "num_statements": 0, "percent_covered": 100.0, "percent_covered_display": "100", "missing_lines": 0, "excluded_lines": 0, "percent_statements_covered": 100.0, "percent_statements_covered_display": "100"}, "missing_lines": [], "excluded_lines": [], "start_line": 263}, "CasAnswerValidationIn": {"executed_lines": [], "summary": {"covered_lines": 0, "num_statements": 0, "percent_covered": 100.0, "percent_covered_display": "100", "missing_lines": 0, "excluded_lines": 0, "percent_statements_covered": 100.0, "percent_statements_covered_display": "100"}, "missing_lines": [], "excluded_lines": [], "start_line": 273}, "CasAnswerValidationOut": {"executed_lines": [], "summary": {"covered_lines": 0, "num_statements": 0, "percent_covered": 100.0, "percent_covered_display": "100", "missing_lines": 0, "excluded_lines": 0, "percent_statements_covered": 100.0, "percent_statements_covered_display": "100"}, "missing_lines": [], "excluded_lines": [], "start_line": 277}, "SolutionValidationIn": {"executed_lines": [], "summary": {"covered_lines": 0, "num_statements": 0, "percent_covered": 100.0, "percent_covered_display": "100", "missing_lines": 0, "excluded_lines": 0, "percent_statements_covered": 100.0, "percent_statements_covered_display": "100"}, "missing_lines": [], "excluded_lines": [], "start_line": 281}, "SolutionValidationOut": {"executed_lines": [], "summary": {"covered_lines": 0, "num_statements": 0, "percent_covered": 100.0, "percent_covered_display": "100", "missing_lines": 0, "excluded_lines": 0, "percent_statements_covered": 100.0, "percent_statements_covered_display": "100"}, "missing_lines": [], "excluded_lines": [], "start_line": 285}, "DbeUpdate": {"executed_lines": [], "summary": {"covered_lines": 0, "num_statements": 0, "percent_covered": 100.0, "percent_covered_display": "100", "missing_lines": 0, "excluded_lines": 0, "percent_statements_covered": 100.0, "percent_statements_covered_display": "100"}, "missing_lines": [], "excluded_lines": [], "start_line": 288}, "DbeOut": {"executed_lines": [], "summary": {"covered_lines": 0, "num_statements": 0, "percent_covered": 100.0, "percent_covered_display": "100", "missing_lines": 0, "excluded_lines": 0, "percent_statements_covered": 100.0, "percent_statements_covered_display": "100"}, "missing_lines": [], "excluded_lines": [], "start_line": 291}, "": {"executed_lines": [1, 3, 4, 5, 6, 7, 8, 9, 10, 11, 13, 14, 15, 17, 22, 23, 32, 34, 35, 38, 75, 76, 79, 80, 81, 84, 85, 86, 90, 91, 94, 95, 96, 98, 99, 100, 105, 106, 112, 113, 114, 116, 117, 118, 126, 127, 128, 137, 138, 139, 140, 142, 143, 144, 155, 156, 157, 158, 160, 161, 162, 163, 164, 165, 166, 167, 168, 170, 171, 172, 173, 175, 176, 177, 179, 180, 181, 194, 195, 203, 204, 205, 206, 207, 208, 209, 211, 214, 215, 216, 217, 218, 220, 223, 224, 225, 226, 227, 229, 232, 233, 234, 235, 236, 237, 238, 240, 241, 242, 243, 244, 245, 246, 247, 249, 250, 251, 252, 253, 254, 255, 256, 257, 259, 261, 263, 264, 265, 266, 267, 268, 270, 273, 274, 277, 278, 281, 282, 285, 286, 288, 289, 291, 292, 294, 295, 296, 297, 298, 300, 302, 303, 304, 307, 322, 323, 324, 325, 326, 327, 328, 329, 332, 333, 334, 336, 337, 338, 340, 341, 347, 348, 351, 352, 353, 354, 355, 357, 358, 361, 363, 366, 367, 371, 372, 373, 378, 379, 380, 382, 383, 388, 389, 390, 391, 393, 394, 407, 408, 410, 411, 413, 423, 426, 427, 431, 432, 438, 439, 440, 442, 443, 448, 452, 455, 456, 457, 459, 460, 463, 466, 467, 468, 469, 470, 473, 474, 475, 476, 477, 478, 482, 483, 484, 486, 487, 490, 493, 494, 497, 498, 499, 500, 502, 503, 505, 508, 509, 512, 513, 514, 515, 517, 554, 568, 569, 580, 581, 582, 583, 594, 597, 598, 600, 601, 602, 603, 613, 616, 617, 620, 621, 625, 626, 627, 630, 639, 643, 647, 648, 649, 650, 651, 652, 654, 656, 659, 660, 663, 664, 668, 669, 670, 673, 677, 678, 679, 680, 681, 682, 683, 685, 687, 689, 690, 696, 697, 712, 713, 755, 756, 757, 758, 760, 761, 762, 764, 765, 766, 767, 769, 772, 773, 774, 775, 777, 779, 780, 781, 782, 787, 788, 793, 798, 800, 805, 807, 808, 813, 839, 840, 842, 843, 854, 855, 864, 865, 870, 871, 882, 884, 894, 899, 900, 901, 906], "summary": {"covered_lines": 356, "num_statements": 447, "percent_covered": 79.6420581655481, "percent_covered_display": "80", "missing_lines": 91, "excluded_lines": 0, "percent_statements_covered": 79.6420581655481, "percent_statements_covered_display": "80"}, "missing_lines": [82, 88, 310, 311, 313, 315, 316, 317, 318, 319, 342, 343, 356, 359, 360, 362, 384, 433, 444, 461, 479, 488, 555, 556, 557, 559, 570, 571, 576, 595, 622, 623, 628, 640, 641, 665, 666, 671, 674, 675, 691, 692, 693, 694, 698, 699, 700, 702, 703, 704, 706, 708, 709, 710, 714, 715, 716, 717, 719, 721, 724, 727, 731, 732, 733, 734, 735, 736, 737, 738, 740, 741, 743, 744, 745, 746, 747, 748, 749, 750, 751, 752, 753, 768, 770, 809, 895, 902, 903, 904, 905], "excluded_lines": [], "start_line": 1}}}, "app\\api\\fragments.py": {"executed_lines": [1, 3, 5, 6, 8, 9, 11, 14, 15, 16, 17, 18, 21, 22, 23, 26, 27, 28, 29, 30, 31, 32, 34, 37, 38, 41, 42, 43, 44, 53, 54, 55, 56, 62, 63, 64, 65, 68, 69, 85, 86, 88, 89, 90, 91, 92, 93, 96, 97, 99, 100, 101, 102, 103, 104, 105, 106, 107, 110, 111], "summary": {"covered_lines": 60, "num_statements": 76, "percent_covered": 78.94736842105263, "percent_covered_display": "79", "missing_lines": 16, "excluded_lines": 0, "percent_statements_covered": 78.94736842105263, "percent_statements_covered_display": "79"}, "missing_lines": [70, 71, 76, 77, 78, 79, 80, 81, 82, 112, 113, 114, 115, 117, 118, 120], "excluded_lines": [], "functions": {"list_fragments": {"executed_lines": [43, 44], "summary": {"covered_lines": 2, "num_statements": 2, "percent_covered": 100.0, "percent_covered_display": "100", "missing_lines": 0, "excluded_lines": 0, "percent_statements_covered": 100.0, "percent_statements_covered_display": "100"}, "missing_lines": [], "excluded_lines": [], "start_line": 42}, "create_fragment": {"executed_lines": [55, 56, 62, 63, 64, 65], "summary": {"covered_lines": 6, "num_statements": 6, "percent_covered": 100.0, "percent_covered_display": "100", "missing_lines": 0, "excluded_lines": 0, "percent_statements_covered": 100.0, "percent_statements_covered_display": "100"}, "missing_lines": [], "excluded_lines": [], "start_line": 54}, "update_fragment": {"executed_lines": [], "summary": {"covered_lines": 0, "num_statements": 9, "percent_covered": 0.0, "percent_covered_display": "0", "missing_lines": 9, "excluded_lines": 0, "percent_statements_covered": 0.0, "percent_statements_covered_display": "0"}, "missing_lines": [70, 71, 76, 77, 78, 79, 80, 81, 82], "excluded_lines": [], "start_line": 69}, "delete_fragment": {"executed_lines": [88, 89, 90, 91, 92, 93], "summary": {"covered_lines": 6, "num_statements": 6, "percent_covered": 100.0, "percent_covered_display": "100", "missing_lines": 0, "excluded_lines": 0, "percent_statements_covered": 100.0, "percent_statements_covered_display": "100"}, "missing_lines": [], "excluded_lines": [], "start_line": 86}, "restore_fragment": {"executed_lines": [99, 100, 101, 102, 103, 104, 105, 106, 107], "summary": {"covered_lines": 9, "num_statements": 9, "percent_covered": 100.0, "percent_covered_display": "100", "missing_lines": 0, "excluded_lines": 0, "percent_statements_covered": 100.0, "percent_statements_covered_display": "100"}, "missing_lines": [], "excluded_lines": [], "start_line": 97}, "update_fragment_annotation": {"executed_lines": [], "summary": {"covered_lines": 0, "num_statements": 7, "percent_covered": 0.0, "percent_covered_display": "0", "missing_lines": 7, "excluded_lines": 0, "percent_statements_covered": 0.0, "percent_statements_covered_display": "0"}, "missing_lines": [112, 113, 114, 115, 117, 118, 120], "excluded_lines": [], "start_line": 111}, "": {"executed_lines": [1, 3, 5, 6, 8, 9, 11, 14, 15, 16, 17, 18, 21, 22, 23, 26, 27, 28, 29, 30, 31, 32, 34, 37, 38, 41, 42, 53, 54, 68, 69, 85, 86, 96, 97, 110, 111], "summary": {"covered_lines": 37, "num_statements": 37, "percent_covered": 100.0, "percent_covered_display": "100", "missing_lines": 0, "excluded_lines": 0, "percent_statements_covered": 100.0, "percent_statements_covered_display": "100"}, "missing_lines": [], "excluded_lines": [], "start_line": 1}}, "classes": {"FragmentCreate": {"executed_lines": [], "summary": {"covered_lines": 0, "num_statements": 0, "percent_covered": 100.0, "percent_covered_display": "100", "missing_lines": 0, "excluded_lines": 0, "percent_statements_covered": 100.0, "percent_statements_covered_display": "100"}, "missing_lines": [], "excluded_lines": [], "start_line": 14}, "FragmentUpdate": {"executed_lines": [], "summary": {"covered_lines": 0, "num_statements": 0, "percent_covered": 100.0, "percent_covered_display": "100", "missing_lines": 0, "excluded_lines": 0, "percent_statements_covered": 100.0, "percent_statements_covered_display": "100"}, "missing_lines": [], "excluded_lines": [], "start_line": 21}, "FragmentOut": {"executed_lines": [], "summary": {"covered_lines": 0, "num_statements": 0, "percent_covered": 100.0, "percent_covered_display": "100", "missing_lines": 0, "excluded_lines": 0, "percent_statements_covered": 100.0, "percent_statements_covered_display": "100"}, "missing_lines": [], "excluded_lines": [], "start_line": 26}, "FragmentAnnotationUpdate": {"executed_lines": [], "summary": {"covered_lines": 0, "num_statements": 0, "percent_covered": 100.0, "percent_covered_display": "100", "missing_lines": 0, "excluded_lines": 0, "percent_statements_covered": 100.0, "percent_statements_covered_display": "100"}, "missing_lines": [], "excluded_lines": [], "start_line": 37}, "": {"executed_lines": [1, 3, 5, 6, 8, 9, 11, 14, 15, 16, 17, 18, 21, 22, 23, 26, 27, 28, 29, 30, 31, 32, 34, 37, 38, 41, 42, 43, 44, 53, 54, 55, 56, 62, 63, 64, 65, 68, 69, 85, 86, 88, 89, 90, 91, 92, 93, 96, 97, 99, 100, 101, 102, 103, 104, 105, 106, 107, 110, 111], "summary": {"covered_lines": 60, "num_statements": 76, "percent_covered": 78.94736842105263, "percent_covered_display": "79", "missing_lines": 16, "excluded_lines": 0, "percent_statements_covered": 78.94736842105263, "percent_statements_covered_display": "79"}, "missing_lines": [70, 71, 76, 77, 78, 79, 80, 81, 82, 112, 113, 114, 115, 117, 118, 120], "excluded_lines": [], "start_line": 1}}}, "app\\api\\health.py": {"executed_lines": [1, 3, 6, 7, 8], "summary": {"covered_lines": 5, "num_statements": 5, "percent_covered": 100.0, "percent_covered_display": "100", "missing_lines": 0, "excluded_lines": 0, "percent_statements_covered": 100.0, "percent_statements_covered_display": "100"}, "missing_lines": [], "excluded_lines": [], "functions": {"health": {"executed_lines": [8], "summary": {"covered_lines": 1, "num_statements": 1, "percent_covered": 100.0, "percent_covered_display": "100", "missing_lines": 0, "excluded_lines": 0, "percent_statements_covered": 100.0, "percent_statements_covered_display": "100"}, "missing_lines": [], "excluded_lines": [], "start_line": 7}, "": {"executed_lines": [1, 3, 6, 7], "summary": {"covered_lines": 4, "num_statements": 4, "percent_covered": 100.0, "percent_covered_display": "100", "missing_lines": 0, "excluded_lines": 0, "percent_statements_covered": 100.0, "percent_statements_covered_display": "100"}, "missing_lines": [], "excluded_lines": [], "start_line": 1}}, "classes": {"": {"executed_lines": [1, 3, 6, 7, 8], "summary": {"covered_lines": 5, "num_statements": 5, "percent_covered": 100.0, "percent_covered_display": "100", "missing_lines": 0, "excluded_lines": 0, "percent_statements_covered": 100.0, "percent_statements_covered_display": "100"}, "missing_lines": [], "excluded_lines": [], "start_line": 1}}}, "app\\api\\info.py": {"executed_lines": [1, 3, 5, 8, 9], "summary": {"covered_lines": 5, "num_statements": 6, "percent_covered": 83.33333333333333, "percent_covered_display": "83", "missing_lines": 1, "excluded_lines": 0, "percent_statements_covered": 83.33333333333333, "percent_statements_covered_display": "83"}, "missing_lines": [10], "excluded_lines": [], "functions": {"info": {"executed_lines": [], "summary": {"covered_lines": 0, "num_statements": 1, "percent_covered": 0.0, "percent_covered_display": "0", "missing_lines": 1, "excluded_lines": 0, "percent_statements_covered": 0.0, "percent_statements_covered_display": "0"}, "missing_lines": [10], "excluded_lines": [], "start_line": 9}, "": {"executed_lines": [1, 3, 5, 8, 9], "summary": {"covered_lines": 5, "num_statements": 5, "percent_covered": 100.0, "percent_covered_display": "100", "missing_lines": 0, "excluded_lines": 0, "percent_statements_covered": 100.0, "percent_statements_covered_display": "100"}, "missing_lines": [], "excluded_lines": [], "start_line": 1}}, "classes": {"": {"executed_lines": [1, 3, 5, 8, 9], "summary": {"covered_lines": 5, "num_statements": 6, "percent_covered": 83.33333333333333, "percent_covered_display": "83", "missing_lines": 1, "excluded_lines": 0, "percent_statements_covered": 83.33333333333333, "percent_statements_covered_display": "83"}, "missing_lines": [10], "excluded_lines": [], "start_line": 1}}}, "app\\api\\logbook.py": {"executed_lines": [1, 3, 4, 6, 7, 9, 12, 13, 14, 15, 18, 19, 20, 21, 23, 26, 27, 28, 29, 34, 35, 36, 39, 40, 43, 44, 49, 50, 51, 52, 54, 60, 61, 62, 63, 66, 67, 69, 70, 73, 77], "summary": {"covered_lines": 41, "num_statements": 41, "percent_covered": 100.0, "percent_covered_display": "100", "missing_lines": 0, "excluded_lines": 0, "percent_statements_covered": 100.0, "percent_statements_covered_display": "100"}, "missing_lines": [], "excluded_lines": [], "functions": {"get_logbook": {"executed_lines": [28, 29, 34, 35, 36], "summary": {"covered_lines": 5, "num_statements": 5, "percent_covered": 100.0, "percent_covered_display": "100", "missing_lines": 0, "excluded_lines": 0, "percent_statements_covered": 100.0, "percent_statements_covered_display": "100"}, "missing_lines": [], "excluded_lines": [], "start_line": 27}, "set_logbook": {"executed_lines": [43, 44, 49, 50, 51, 52, 54, 60, 61, 62, 63], "summary": {"covered_lines": 11, "num_statements": 11, "percent_covered": 100.0, "percent_covered_display": "100", "missing_lines": 0, "excluded_lines": 0, "percent_statements_covered": 100.0, "percent_statements_covered_display": "100"}, "missing_lines": [], "excluded_lines": [], "start_line": 40}, "clear_logbook": {"executed_lines": [69, 70, 73, 77], "summary": {"covered_lines": 4, "num_statements": 4, "percent_covered": 100.0, "percent_covered_display": "100", "missing_lines": 0, "excluded_lines": 0, "percent_statements_covered": 100.0, "percent_statements_covered_display": "100"}, "missing_lines": [], "excluded_lines": [], "start_line": 67}, "": {"executed_lines": [1, 3, 4, 6, 7, 9, 12, 13, 14, 15, 18, 19, 20, 21, 23, 26, 27, 39, 40, 66, 67], "summary": {"covered_lines": 21, "num_statements": 21, "percent_covered": 100.0, "percent_covered_display": "100", "missing_lines": 0, "excluded_lines": 0, "percent_statements_covered": 100.0, "percent_statements_covered_display": "100"}, "missing_lines": [], "excluded_lines": [], "start_line": 1}}, "classes": {"LogbookStateBody": {"executed_lines": [], "summary": {"covered_lines": 0, "num_statements": 0, "percent_covered": 100.0, "percent_covered_display": "100", "missing_lines": 0, "excluded_lines": 0, "percent_statements_covered": 100.0, "percent_statements_covered_display": "100"}, "missing_lines": [], "excluded_lines": [], "start_line": 12}, "LogbookStateOut": {"executed_lines": [], "summary": {"covered_lines": 0, "num_statements": 0, "percent_covered": 100.0, "percent_covered_display": "100", "missing_lines": 0, "excluded_lines": 0, "percent_statements_covered": 100.0, "percent_statements_covered_display": "100"}, "missing_lines": [], "excluded_lines": [], "start_line": 18}, "": {"executed_lines": [1, 3, 4, 6, 7, 9, 12, 13, 14, 15, 18, 19, 20, 21, 23, 26, 27, 28, 29, 34, 35, 36, 39, 40, 43, 44, 49, 50, 51, 52, 54, 60, 61, 62, 63, 66, 67, 69, 70, 73, 77], "summary": {"covered_lines": 41, "num_statements": 41, "percent_covered": 100.0, "percent_covered_display": "100", "missing_lines": 0, "excluded_lines": 0, "percent_statements_covered": 100.0, "percent_statements_covered_display": "100"}, "missing_lines": [], "excluded_lines": [], "start_line": 1}}}, "app\\api\\predefined_fragments.py": {"executed_lines": [1, 3, 5, 6, 8, 9, 11, 14, 15, 16, 17, 20, 21, 22, 23, 24, 25, 26, 29, 30, 33, 34, 35, 36, 37, 38, 39, 40, 41, 43, 44, 45, 46, 52, 53, 54, 55, 58, 59, 60, 61, 62, 63, 64, 65], "summary": {"covered_lines": 45, "num_statements": 45, "percent_covered": 100.0, "percent_covered_display": "100", "missing_lines": 0, "excluded_lines": 0, "percent_statements_covered": 100.0, "percent_statements_covered_display": "100"}, "missing_lines": [], "excluded_lines": [], "functions": {"list_predefined_fragments": {"executed_lines": [33, 34, 35, 36, 37, 38, 39, 40, 41], "summary": {"covered_lines": 9, "num_statements": 9, "percent_covered": 100.0, "percent_covered_display": "100", "missing_lines": 0, "excluded_lines": 0, "percent_statements_covered": 100.0, "percent_statements_covered_display": "100"}, "missing_lines": [], "excluded_lines": [], "start_line": 30}, "create_predefined_fragment": {"executed_lines": [45, 46, 52, 53, 54, 55], "summary": {"covered_lines": 6, "num_statements": 6, "percent_covered": 100.0, "percent_covered_display": "100", "missing_lines": 0, "excluded_lines": 0, "percent_statements_covered": 100.0, "percent_statements_covered_display": "100"}, "missing_lines": [], "excluded_lines": [], "start_line": 44}, "delete_predefined_fragment": {"executed_lines": [60, 61, 62, 63, 64, 65], "summary": {"covered_lines": 6, "num_statements": 6, "percent_covered": 100.0, "percent_covered_display": "100", "missing_lines": 0, "excluded_lines": 0, "percent_statements_covered": 100.0, "percent_statements_covered_display": "100"}, "missing_lines": [], "excluded_lines": [], "start_line": 59}, "": {"executed_lines": [1, 3, 5, 6, 8, 9, 11, 14, 15, 16, 17, 20, 21, 22, 23, 24, 25, 26, 29, 30, 43, 44, 58, 59], "summary": {"covered_lines": 24, "num_statements": 24, "percent_covered": 100.0, "percent_covered_display": "100", "missing_lines": 0, "excluded_lines": 0, "percent_statements_covered": 100.0, "percent_statements_covered_display": "100"}, "missing_lines": [], "excluded_lines": [], "start_line": 1}}, "classes": {"PredefinedFragmentCreate": {"executed_lines": [], "summary": {"covered_lines": 0, "num_statements": 0, "percent_covered": 100.0, "percent_covered_display": "100", "missing_lines": 0, "excluded_lines": 0, "percent_statements_covered": 100.0, "percent_statements_covered_display": "100"}, "missing_lines": [], "excluded_lines": [], "start_line": 14}, "PredefinedFragmentOut": {"executed_lines": [], "summary": {"covered_lines": 0, "num_statements": 0, "percent_covered": 100.0, "percent_covered_display": "100", "missing_lines": 0, "excluded_lines": 0, "percent_statements_covered": 100.0, "percent_statements_covered_display": "100"}, "missing_lines": [], "excluded_lines": [], "start_line": 20}, "": {"executed_lines": [1, 3, 5, 6, 8, 9, 11, 14, 15, 16, 17, 20, 21, 22, 23, 24, 25, 26, 29, 30, 33, 34, 35, 36, 37, 38, 39, 40, 41, 43, 44, 45, 46, 52, 53, 54, 55, 58, 59, 60, 61, 62, 63, 64, 65], "summary": {"covered_lines": 45, "num_statements": 45, "percent_covered": 100.0, "percent_covered_display": "100", "missing_lines": 0, "excluded_lines": 0, "percent_statements_covered": 100.0, "percent_statements_covered_display": "100"}, "missing_lines": [], "excluded_lines": [], "start_line": 1}}}, "app\\api\\reset.py": {"executed_lines": [1, 3, 5, 6, 8, 11, 12, 14, 15, 18, 21, 24], "summary": {"covered_lines": 12, "num_statements": 12, "percent_covered": 100.0, "percent_covered_display": "100", "missing_lines": 0, "excluded_lines": 0, "percent_statements_covered": 100.0, "percent_statements_covered_display": "100"}, "missing_lines": [], "excluded_lines": [], "functions": {"reset_exercise": {"executed_lines": [14, 15, 18, 21, 24], "summary": {"covered_lines": 5, "num_statements": 5, "percent_covered": 100.0, "percent_covered_display": "100", "missing_lines": 0, "excluded_lines": 0, "percent_statements_covered": 100.0, "percent_statements_covered_display": "100"}, "missing_lines": [], "excluded_lines": [], "start_line": 12}, "": {"executed_lines": [1, 3, 5, 6, 8, 11, 12], "summary": {"covered_lines": 7, "num_statements": 7, "percent_covered": 100.0, "percent_covered_display": "100", "missing_lines": 0, "excluded_lines": 0, "percent_statements_covered": 100.0, "percent_statements_covered_display": "100"}, "missing_lines": [], "excluded_lines": [], "start_line": 1}}, "classes": {"": {"executed_lines": [1, 3, 5, 6, 8, 11, 12, 14, 15, 18, 21, 24], "summary": {"covered_lines": 12, "num_statements": 12, "percent_covered": 100.0, "percent_covered_display": "100", "missing_lines": 0, "excluded_lines": 0, "percent_statements_covered": 100.0, "percent_statements_covered_display": "100"}, "missing_lines": [], "excluded_lines": [], "start_line": 1}}}, "app\\api\\router.py": {"executed_lines": [1, 3, 4, 5, 6, 7, 8, 9, 10, 11, 12, 13, 15, 16, 17, 18, 19, 20, 21, 22, 23, 24, 25, 26], "summary": {"covered_lines": 24, "num_statements": 24, "percent_covered": 100.0, "percent_covered_display": "100", "missing_lines": 0, "excluded_lines": 0, "percent_statements_covered": 100.0, "percent_statements_covered_display": "100"}, "missing_lines": [], "excluded_lines": [], "functions": {"": {"executed_lines": [1, 3, 4, 5, 6, 7, 8, 9, 10, 11, 12, 13, 15, 16, 17, 18, 19, 20, 21, 22, 23, 24, 25, 26], "summary": {"covered_lines": 24, "num_statements": 24, "percent_covered": 100.0, "percent_covered_display": "100", "missing_lines": 0, "excluded_lines": 0, "percent_statements_covered": 100.0, "percent_statements_covered_display": "100"}, "missing_lines": [], "excluded_lines": [], "start_line": 1}}, "classes": {"": {"executed_lines": [1, 3, 4, 5, 6, 7, 8, 9, 10, 11, 12, 13, 15, 16, 17, 18, 19, 20, 21, 22, 23, 24, 25, 26], "summary": {"covered_lines": 24, "num_statements": 24, "percent_covered": 100.0, "percent_covered_display": "100", "missing_lines": 0, "excluded_lines": 0, "percent_statements_covered": 100.0, "percent_statements_covered_display": "100"}, "missing_lines": [], "excluded_lines": [], "start_line": 1}}}, "app\\api\\settings.py": {"executed_lines": [1, 2, 4, 5, 7, 10, 11, 13, 16, 17, 20, 33, 34, 39, 40], "summary": {"covered_lines": 15, "num_statements": 37, "percent_covered": 40.54054054054054, "percent_covered_display": "41", "missing_lines": 22, "excluded_lines": 0, "percent_statements_covered": 40.54054054054054, "percent_statements_covered_display": "41"}, "missing_lines": [21, 22, 24, 25, 26, 27, 28, 30, 35, 36, 41, 43, 44, 46, 47, 49, 50, 51, 53, 55, 56, 58], "excluded_lines": [], "functions": {"get_or_create_settings": {"executed_lines": [], "summary": {"covered_lines": 0, "num_statements": 8, "percent_covered": 0.0, "percent_covered_display": "0", "missing_lines": 8, "excluded_lines": 0, "percent_statements_covered": 0.0, "percent_statements_covered_display": "0"}, "missing_lines": [21, 22, 24, 25, 26, 27, 28, 30], "excluded_lines": [], "start_line": 20}, "get_settings": {"executed_lines": [], "summary": {"covered_lines": 0, "num_statements": 2, "percent_covered": 0.0, "percent_covered_display": "0", "missing_lines": 2, "excluded_lines": 0, "percent_statements_covered": 0.0, "percent_statements_covered_display": "0"}, "missing_lines": [35, 36], "excluded_lines": [], "start_line": 34}, "update_settings": {"executed_lines": [], "summary": {"covered_lines": 0, "num_statements": 12, "percent_covered": 0.0, "percent_covered_display": "0", "missing_lines": 12, "excluded_lines": 0, "percent_statements_covered": 0.0, "percent_statements_covered_display": "0"}, "missing_lines": [41, 43, 44, 46, 47, 49, 50, 51, 53, 55, 56, 58], "excluded_lines": [], "start_line": 40}, "": {"executed_lines": [1, 2, 4, 5, 7, 10, 11, 13, 16, 17, 20, 33, 34, 39, 40], "summary": {"covered_lines": 15, "num_statements": 15, "percent_covered": 100.0, "percent_covered_display": "100", "missing_lines": 0, "excluded_lines": 0, "percent_statements_covered": 100.0, "percent_statements_covered_display": "100"}, "missing_lines": [], "excluded_lines": [], "start_line": 1}}, "classes": {"UserSettingsResponse": {"executed_lines": [], "summary": {"covered_lines": 0, "num_statements": 0, "percent_covered": 100.0, "percent_covered_display": "100", "missing_lines": 0, "excluded_lines": 0, "percent_statements_covered": 100.0, "percent_statements_covered_display": "100"}, "missing_lines": [], "excluded_lines": [], "start_line": 10}, "UpdateUserSettingsRequest": {"executed_lines": [], "summary": {"covered_lines": 0, "num_statements": 0, "percent_covered": 100.0, "percent_covered_display": "100", "missing_lines": 0, "excluded_lines": 0, "percent_statements_covered": 100.0, "percent_statements_covered_display": "100"}, "missing_lines": [], "excluded_lines": [], "start_line": 16}, "": {"executed_lines": [1, 2, 4, 5, 7, 10, 11, 13, 16, 17, 20, 33, 34, 39, 40], "summary": {"covered_lines": 15, "num_statements": 37, "percent_covered": 40.54054054054054, "percent_covered_display": "41", "missing_lines": 22, "excluded_lines": 0, "percent_statements_covered": 40.54054054054054, "percent_statements_covered_display": "41"}, "missing_lines": [21, 22, 24, 25, 26, 27, 28, 30, 35, 36, 41, 43, 44, 46, 47, 49, 50, 51, 53, 55, 56, 58], "excluded_lines": [], "start_line": 1}}}, "app\\api\\statistics.py": {"executed_lines": [1, 3, 5, 6, 8, 9, 11, 14, 15, 16, 17, 18, 19, 20, 21, 23, 26, 27, 28, 33, 34, 36, 37, 38, 39, 42, 43, 44, 47, 50, 51, 54, 55, 56, 58, 59, 60, 61, 64, 65, 66, 67, 69, 70, 71, 72, 73, 74, 75, 78, 79, 80, 81, 82, 83, 85, 86, 88, 89, 92, 93, 94, 97, 98, 103, 105, 106, 109, 110, 112, 117, 118, 120, 121, 122, 123, 124, 125, 128, 129, 130, 131, 133, 134, 138, 139, 140, 142, 143, 146, 147, 148, 149, 151, 152, 153, 154, 157, 158, 159, 160, 165, 167, 170, 171, 172, 173, 176, 177, 178, 179, 182, 183, 184, 185], "summary": {"covered_lines": 115, "num_statements": 123, "percent_covered": 93.4959349593496, "percent_covered_display": "93", "missing_lines": 8, "excluded_lines": 0, "percent_statements_covered": 93.4959349593496, "percent_statements_covered_display": "93"}, "missing_lines": [45, 46, 95, 99, 100, 135, 136, 166], "excluded_lines": [], "functions": {"_ensure_statistics_row": {"executed_lines": [27, 28, 33, 34, 36, 37, 38, 39], "summary": {"covered_lines": 8, "num_statements": 8, "percent_covered": 100.0, "percent_covered_display": "100", "missing_lines": 0, "excluded_lines": 0, "percent_statements_covered": 100.0, "percent_statements_covered_display": "100"}, "missing_lines": [], "excluded_lines": [], "start_line": 26}, "_exercise_is_incomplete": {"executed_lines": [43, 44, 47], "summary": {"covered_lines": 3, "num_statements": 5, "percent_covered": 60.0, "percent_covered_display": "60", "missing_lines": 2, "excluded_lines": 0, "percent_statements_covered": 60.0, "percent_statements_covered_display": "60"}, "missing_lines": [45, 46], "excluded_lines": [], "start_line": 42}, "_exercise_is_completed": {"executed_lines": [51], "summary": {"covered_lines": 1, "num_statements": 1, "percent_covered": 100.0, "percent_covered_display": "100", "missing_lines": 0, "excluded_lines": 0, "percent_statements_covered": 100.0, "percent_statements_covered_display": "100"}, "missing_lines": [], "excluded_lines": [], "start_line": 50}, "_finalize_timer": {"executed_lines": [55, 56, 58, 59, 60, 61], "summary": {"covered_lines": 6, "num_statements": 6, "percent_covered": 100.0, "percent_covered_display": "100", "missing_lines": 0, "excluded_lines": 0, "percent_statements_covered": 100.0, "percent_statements_covered_display": "100"}, "missing_lines": [], "excluded_lines": [], "start_line": 54}, "mark_exercise_selected": {"executed_lines": [65, 66, 67, 69, 70, 71, 72, 73, 74, 75], "summary": {"covered_lines": 10, "num_statements": 10, "percent_covered": 100.0, "percent_covered_display": "100", "missing_lines": 0, "excluded_lines": 0, "percent_statements_covered": 100.0, "percent_statements_covered_display": "100"}, "missing_lines": [], "excluded_lines": [], "start_line": 64}, "mark_exercise_closed": {"executed_lines": [79, 80, 81, 82, 83, 85, 86, 88, 89], "summary": {"covered_lines": 9, "num_statements": 9, "percent_covered": 100.0, "percent_covered_display": "100", "missing_lines": 0, "excluded_lines": 0, "percent_statements_covered": 100.0, "percent_statements_covered_display": "100"}, "missing_lines": [], "excluded_lines": [], "start_line": 78}, "mark_exercise_paused": {"executed_lines": [93, 94, 97, 98, 103, 105, 106], "summary": {"covered_lines": 7, "num_statements": 10, "percent_covered": 70.0, "percent_covered_display": "70", "missing_lines": 3, "excluded_lines": 0, "percent_statements_covered": 70.0, "percent_statements_covered_display": "70"}, "missing_lines": [95, 99, 100], "excluded_lines": [], "start_line": 92}, "mark_exercise_completed": {"executed_lines": [110, 112, 117, 118, 120, 121, 122, 123, 124, 125], "summary": {"covered_lines": 10, "num_statements": 10, "percent_covered": 100.0, "percent_covered_display": "100", "missing_lines": 0, "excluded_lines": 0, "percent_statements_covered": 100.0, "percent_statements_covered_display": "100"}, "missing_lines": [], "excluded_lines": [], "start_line": 109}, "mark_exercise_resumed": {"executed_lines": [129, 130, 131, 133, 134, 138, 139, 140, 142, 143], "summary": {"covered_lines": 10, "num_statements": 12, "percent_covered": 83.33333333333333, "percent_covered_display": "83", "missing_lines": 2, "excluded_lines": 0, "percent_statements_covered": 83.33333333333333, "percent_statements_covered_display": "83"}, "missing_lines": [135, 136], "excluded_lines": [], "start_line": 128}, "increment_incorrect_count": {"executed_lines": [147, 148, 149, 151, 152, 153, 154], "summary": {"covered_lines": 7, "num_statements": 7, "percent_covered": 100.0, "percent_covered_display": "100", "missing_lines": 0, "excluded_lines": 0, "percent_statements_covered": 100.0, "percent_statements_covered_display": "100"}, "missing_lines": [], "excluded_lines": [], "start_line": 146}, "get_statistics": {"executed_lines": [159, 160, 165, 167], "summary": {"covered_lines": 4, "num_statements": 5, "percent_covered": 80.0, "percent_covered_display": "80", "missing_lines": 1, "excluded_lines": 0, "percent_statements_covered": 80.0, "percent_statements_covered_display": "80"}, "missing_lines": [166], "excluded_lines": [], "start_line": 158}, "stop_exercise_timer": {"executed_lines": [172, 173], "summary": {"covered_lines": 2, "num_statements": 2, "percent_covered": 100.0, "percent_covered_display": "100", "missing_lines": 0, "excluded_lines": 0, "percent_statements_covered": 100.0, "percent_statements_covered_display": "100"}, "missing_lines": [], "excluded_lines": [], "start_line": 171}, "pause_exercise_timer": {"executed_lines": [178, 179], "summary": {"covered_lines": 2, "num_statements": 2, "percent_covered": 100.0, "percent_covered_display": "100", "missing_lines": 0, "excluded_lines": 0, "percent_statements_covered": 100.0, "percent_statements_covered_display": "100"}, "missing_lines": [], "excluded_lines": [], "start_line": 177}, "resume_exercise_timer": {"executed_lines": [184, 185], "summary": {"covered_lines": 2, "num_statements": 2, "percent_covered": 100.0, "percent_covered_display": "100", "missing_lines": 0, "excluded_lines": 0, "percent_statements_covered": 100.0, "percent_statements_covered_display": "100"}, "missing_lines": [], "excluded_lines": [], "start_line": 183}, "": {"executed_lines": [1, 3, 5, 6, 8, 9, 11, 14, 15, 16, 17, 18, 19, 20, 21, 23, 26, 42, 50, 54, 64, 78, 92, 109, 128, 146, 157, 158, 170, 171, 176, 177, 182, 183], "summary": {"covered_lines": 34, "num_statements": 34, "percent_covered": 100.0, "percent_covered_display": "100", "missing_lines": 0, "excluded_lines": 0, "percent_statements_covered": 100.0, "percent_statements_covered_display": "100"}, "missing_lines": [], "excluded_lines": [], "start_line": 1}}, "classes": {"StatisticsOut": {"executed_lines": [], "summary": {"covered_lines": 0, "num_statements": 0, "percent_covered": 100.0, "percent_covered_display": "100", "missing_lines": 0, "excluded_lines": 0, "percent_statements_covered": 100.0, "percent_statements_covered_display": "100"}, "missing_lines": [], "excluded_lines": [], "start_line": 14}, "": {"executed_lines": [1, 3, 5, 6, 8, 9, 11, 14, 15, 16, 17, 18, 19, 20, 21, 23, 26, 27, 28, 33, 34, 36, 37, 38, 39, 42, 43, 44, 47, 50, 51, 54, 55, 56, 58, 59, 60, 61, 64, 65, 66, 67, 69, 70, 71, 72, 73, 74, 75, 78, 79, 80, 81, 82, 83, 85, 86, 88, 89, 92, 93, 94, 97, 98, 103, 105, 106, 109, 110, 112, 117, 118, 120, 121, 122, 123, 124, 125, 128, 129, 130, 131, 133, 134, 138, 139, 140, 142, 143, 146, 147, 148, 149, 151, 152, 153, 154, 157, 158, 159, 160, 165, 167, 170, 171, 172, 173, 176, 177, 178, 179, 182, 183, 184, 185], "summary": {"covered_lines": 115, "num_statements": 123, "percent_covered": 93.4959349593496, "percent_covered_display": "93", "missing_lines": 8, "excluded_lines": 0, "percent_statements_covered": 93.4959349593496, "percent_statements_covered_display": "93"}, "missing_lines": [45, 46, 95, 99, 100, 135, 136, 166], "excluded_lines": [], "start_line": 1}}}, "app\\api\\warnings.py": {"executed_lines": [1, 3, 4, 5, 7, 8, 9, 11, 14, 15, 16, 17, 18, 19, 21, 22, 23, 26, 29, 30, 31, 32, 36, 37, 38, 41, 42, 43, 46, 47, 48, 49, 50, 53, 54, 55, 56, 57, 59, 60, 62, 74, 77, 79, 82, 84, 87, 88, 90, 93, 100, 101, 103, 104, 106, 111, 124, 126, 127, 130, 131, 132, 135, 138, 145, 148, 151, 157, 160, 161, 164, 165, 167, 169, 176, 178, 179, 181, 183, 184, 186, 190, 196, 197, 198, 199, 217, 218, 219, 226, 227, 228, 229, 230, 239, 246, 252, 254, 255, 257, 258, 262, 264, 269, 275, 280], "summary": {"covered_lines": 106, "num_statements": 140, "percent_covered": 75.71428571428571, "percent_covered_display": "76", "missing_lines": 34, "excluded_lines": 0, "percent_statements_covered": 75.71428571428571, "percent_statements_covered_display": "76"}, "missing_lines": [39, 108, 109, 113, 116, 119, 121, 122, 142, 146, 201, 202, 203, 204, 209, 210, 215, 220, 221, 231, 232, 233, 234, 241, 242, 243, 244, 265, 286, 287, 293, 295, 301, 306], "excluded_lines": [], "functions": {"count_atoms_in_smiles": {"executed_lines": [37, 38, 41, 42, 43], "summary": {"covered_lines": 5, "num_statements": 6, "percent_covered": 83.33333333333333, "percent_covered_display": "83", "missing_lines": 1, "excluded_lines": 0, "percent_statements_covered": 83.33333333333333, "percent_statements_covered_display": "83"}, "missing_lines": [39], "excluded_lines": [], "start_line": 36}, "count_atoms_in_fragments": {"executed_lines": [47, 48, 49, 50], "summary": {"covered_lines": 4, "num_statements": 4, "percent_covered": 100.0, "percent_covered_display": "100", "missing_lines": 0, "excluded_lines": 0, "percent_statements_covered": 100.0, "percent_statements_covered_display": "100"}, "missing_lines": [], "excluded_lines": [], "start_line": 46}, "calculate_dbe": {"executed_lines": [54, 55, 56, 57, 59, 60], "summary": {"covered_lines": 6, "num_statements": 6, "percent_covered": 100.0, "percent_covered_display": "100", "missing_lines": 0, "excluded_lines": 0, "percent_statements_covered": 100.0, "percent_statements_covered_display": "100"}, "missing_lines": [], "excluded_lines": [], "start_line": 53}, "parse_formula": {"executed_lines": [74, 77, 79, 82, 84, 87, 88, 90], "summary": {"covered_lines": 8, "num_statements": 8, "percent_covered": 100.0, "percent_covered_display": "100", "missing_lines": 0, "excluded_lines": 0, "percent_statements_covered": 100.0, "percent_statements_covered_display": "100"}, "missing_lines": [], "excluded_lines": [], "start_line": 62}, "_parse_formula_part": {"executed_lines": [100, 101, 103, 104, 106, 111, 124, 126, 127, 130, 131, 132, 135, 138, 145, 148], "summary": {"covered_lines": 16, "num_statements": 25, "percent_covered": 64.0, "percent_covered_display": "64", "missing_lines": 9, "excluded_lines": 0, "percent_statements_covered": 64.0, "percent_statements_covered_display": "64"}, "missing_lines": [108, 109, 113, 116, 119, 121, 122, 142, 146], "excluded_lines": [], "start_line": 93}, "_read_number": {"executed_lines": [157, 160, 161, 164, 165, 167], "summary": {"covered_lines": 6, "num_statements": 6, "percent_covered": 100.0, "percent_covered_display": "100", "missing_lines": 0, "excluded_lines": 0, "percent_statements_covered": 100.0, "percent_statements_covered_display": "100"}, "missing_lines": [], "excluded_lines": [], "start_line": 151}, "exceeds_formula": {"executed_lines": [176, 178, 179, 181, 183, 184, 186], "summary": {"covered_lines": 7, "num_statements": 7, "percent_covered": 100.0, "percent_covered_display": "100", "missing_lines": 0, "excluded_lines": 0, "percent_statements_covered": 100.0, "percent_statements_covered_display": "100"}, "missing_lines": [], "excluded_lines": [], "start_line": 169}, "receive_warnings": {"executed_lines": [197, 217, 218, 219, 226, 227, 228, 229, 230, 239, 246, 252, 254, 255, 257, 258, 262, 264, 269, 275, 280], "summary": {"covered_lines": 21, "num_statements": 38, "percent_covered": 55.26315789473684, "percent_covered_display": "55", "missing_lines": 17, "excluded_lines": 0, "percent_statements_covered": 55.26315789473684, "percent_statements_covered_display": "55"}, "missing_lines": [220, 221, 231, 232, 233, 234, 241, 242, 243, 244, 265, 286, 287, 293, 295, 301, 306], "excluded_lines": [], "start_line": 196}, "receive_warnings.validate_formula_dbe": {"executed_lines": [198, 199], "summary": {"covered_lines": 2, "num_statements": 9, "percent_covered": 22.22222222222222, "percent_covered_display": "22", "missing_lines": 7, "excluded_lines": 0, "percent_statements_covered": 22.22222222222222, "percent_statements_covered_display": "22"}, "missing_lines": [201, 202, 203, 204, 209, 210, 215], "excluded_lines": [], "start_line": 197}, "": {"executed_lines": [1, 3, 4, 5, 7, 8, 9, 11, 14, 15, 16, 17, 18, 19, 21, 22, 23, 26, 29, 30, 31, 32, 36, 46, 53, 62, 93, 151, 169, 190, 196], "summary": {"covered_lines": 31, "num_statements": 31, "percent_covered": 100.0, "percent_covered_display": "100", "missing_lines": 0, "excluded_lines": 0, "percent_statements_covered": 100.0, "percent_statements_covered_display": "100"}, "missing_lines": [], "excluded_lines": [], "start_line": 1}}, "classes": {"AtomCountDBERequest": {"executed_lines": [], "summary": {"covered_lines": 0, "num_statements": 0, "percent_covered": 100.0, "percent_covered_display": "100", "missing_lines": 0, "excluded_lines": 0, "percent_statements_covered": 100.0, "percent_statements_covered_display": "100"}, "missing_lines": [], "excluded_lines": [], "start_line": 14}, "DoublePeakAssignmentRequest": {"executed_lines": [], "summary": {"covered_lines": 0, "num_statements": 0, "percent_covered": 100.0, "percent_covered_display": "100", "missing_lines": 0, "excluded_lines": 0, "percent_statements_covered": 100.0, "percent_statements_covered_display": "100"}, "missing_lines": [], "excluded_lines": [], "start_line": 21}, "WarningResponse": {"executed_lines": [], "summary": {"covered_lines": 0, "num_statements": 0, "percent_covered": 100.0, "percent_covered_display": "100", "missing_lines": 0, "excluded_lines": 0, "percent_statements_covered": 100.0, "percent_statements_covered_display": "100"}, "missing_lines": [], "excluded_lines": [], "start_line": 29}, "": {"executed_lines": [1, 3, 4, 5, 7, 8, 9, 11, 14, 15, 16, 17, 18, 19, 21, 22, 23, 26, 29, 30, 31, 32, 36, 37, 38, 41, 42, 43, 46, 47, 48, 49, 50, 53, 54, 55, 56, 57, 59, 60, 62, 74, 77, 79, 82, 84, 87, 88, 90, 93, 100, 101, 103, 104, 106, 111, 124, 126, 127, 130, 131, 132, 135, 138, 145, 148, 151, 157, 160, 161, 164, 165, 167, 169, 176, 178, 179, 181, 183, 184, 186, 190, 196, 197, 198, 199, 217, 218, 219, 226, 227, 228, 229, 230, 239, 246, 252, 254, 255, 257, 258, 262, 264, 269, 275, 280], "summary": {"covered_lines": 106, "num_statements": 140, "percent_covered": 75.71428571428571, "percent_covered_display": "76", "missing_lines": 34, "excluded_lines": 0, "percent_statements_covered": 75.71428571428571, "percent_statements_covered_display": "76"}, "missing_lines": [39, 108, 109, 113, 116, 119, 121, 122, 142, 146, 201, 202, 203, 204, 209, 210, 215, 220, 221, 231, 232, 233, 234, 241, 242, 243, 244, 265, 286, 287, 293, 295, 301, 306], "excluded_lines": [], "start_line": 1}}}, "app\\api\\working_solution.py": {"executed_lines": [1, 3, 4, 6, 7, 9, 12, 13, 14, 17, 18, 19, 21, 24, 25, 26, 27, 32, 33, 34, 37, 38, 41, 42, 47, 48, 49, 51, 56, 57, 58, 59, 62, 63, 64, 65, 70, 71, 72, 73], "summary": {"covered_lines": 40, "num_statements": 40, "percent_covered": 100.0, "percent_covered_display": "100", "missing_lines": 0, "excluded_lines": 0, "percent_statements_covered": 100.0, "percent_statements_covered_display": "100"}, "missing_lines": [], "excluded_lines": [], "functions": {"get_working_solution": {"executed_lines": [26, 27, 32, 33, 34], "summary": {"covered_lines": 5, "num_statements": 5, "percent_covered": 100.0, "percent_covered_display": "100", "missing_lines": 0, "excluded_lines": 0, "percent_statements_covered": 100.0, "percent_statements_covered_display": "100"}, "missing_lines": [], "excluded_lines": [], "start_line": 25}, "set_working_solution": {"executed_lines": [41, 42, 47, 48, 49, 51, 56, 57, 58, 59], "summary": {"covered_lines": 10, "num_statements": 10, "percent_covered": 100.0, "percent_covered_display": "100", "missing_lines": 0, "excluded_lines": 0, "percent_statements_covered": 100.0, "percent_statements_covered_display": "100"}, "missing_lines": [], "excluded_lines": [], "start_line": 38}, "clear_working_solution": {"executed_lines": [64, 65, 70, 71, 72, 73], "summary": {"covered_lines": 6, "num_statements": 6, "percent_covered": 100.0, "percent_covered_display": "100", "missing_lines": 0, "excluded_lines": 0, "percent_statements_covered": 100.0, "percent_statements_covered_display": "100"}, "missing_lines": [], "excluded_lines": [], "start_line": 63}, "": {"executed_lines": [1, 3, 4, 6, 7, 9, 12, 13, 14, 17, 18, 19, 21, 24, 25, 37, 38, 62, 63], "summary": {"covered_lines": 19, "num_statements": 19, "percent_covered": 100.0, "percent_covered_display": "100", "missing_lines": 0, "excluded_lines": 0, "percent_statements_covered": 100.0, "percent_statements_covered_display": "100"}, "missing_lines": [], "excluded_lines": [], "start_line": 1}}, "classes": {"WorkingSolutionBody": {"executed_lines": [], "summary": {"covered_lines": 0, "num_statements": 0, "percent_covered": 100.0, "percent_covered_display": "100", "missing_lines": 0, "excluded_lines": 0, "percent_statements_covered": 100.0, "percent_statements_covered_display": "100"}, "missing_lines": [], "excluded_lines": [], "start_line": 12}, "WorkingSolutionOut": {"executed_lines": [], "summary": {"covered_lines": 0, "num_statements": 0, "percent_covered": 100.0, "percent_covered_display": "100", "missing_lines": 0, "excluded_lines": 0, "percent_statements_covered": 100.0, "percent_statements_covered_display": "100"}, "missing_lines": [], "excluded_lines": [], "start_line": 17}, "": {"executed_lines": [1, 3, 4, 6, 7, 9, 12, 13, 14, 17, 18, 19, 21, 24, 25, 26, 27, 32, 33, 34, 37, 38, 41, 42, 47, 48, 49, 51, 56, 57, 58, 59, 62, 63, 64, 65, 70, 71, 72, 73], "summary": {"covered_lines": 40, "num_statements": 40, "percent_covered": 100.0, "percent_covered_display": "100", "missing_lines": 0, "excluded_lines": 0, "percent_statements_covered": 100.0, "percent_statements_covered_display": "100"}, "missing_lines": [], "excluded_lines": [], "start_line": 1}}}, "app\\core\\__init__.py": {"executed_lines": [], "summary": {"covered_lines": 0, "num_statements": 0, "percent_covered": 100.0, "percent_covered_display": "100", "missing_lines": 0, "excluded_lines": 0, "percent_statements_covered": 100.0, "percent_statements_covered_display": "100"}, "missing_lines": [], "excluded_lines": [], "functions": {"": {"executed_lines": [], "summary": {"covered_lines": 0, "num_statements": 0, "percent_covered": 100.0, "percent_covered_display": "100", "missing_lines": 0, "excluded_lines": 0, "percent_statements_covered": 100.0, "percent_statements_covered_display": "100"}, "missing_lines": [], "excluded_lines": [], "start_line": 1}}, "classes": {"": {"executed_lines": [], "summary": {"covered_lines": 0, "num_statements": 0, "percent_covered": 100.0, "percent_covered_display": "100", "missing_lines": 0, "excluded_lines": 0, "percent_statements_covered": 100.0, "percent_statements_covered_display": "100"}, "missing_lines": [], "excluded_lines": [], "start_line": 1}}}, "app\\core\\config.py": {"executed_lines": [1, 2, 4, 7, 10, 13, 16, 21, 22, 25, 28, 33, 34, 36, 38, 41], "summary": {"covered_lines": 16, "num_statements": 17, "percent_covered": 94.11764705882354, "percent_covered_display": "94", "missing_lines": 1, "excluded_lines": 0, "percent_statements_covered": 94.11764705882354, "percent_statements_covered_display": "94"}, "missing_lines": [8], "excluded_lines": [], "functions": {"Settings.database_url": {"executed_lines": [36], "summary": {"covered_lines": 1, "num_statements": 1, "percent_covered": 100.0, "percent_covered_display": "100", "missing_lines": 0, "excluded_lines": 0, "percent_statements_covered": 100.0, "percent_statements_covered_display": "100"}, "missing_lines": [], "excluded_lines": [], "start_line": 34}, "": {"executed_lines": [1, 2, 4, 7, 10, 13, 16, 21, 22, 25, 28, 33, 34, 38, 41], "summary": {"covered_lines": 15, "num_statements": 16, "percent_covered": 93.75, "percent_covered_display": "94", "missing_lines": 1, "excluded_lines": 0, "percent_statements_covered": 93.75, "percent_statements_covered_display": "94"}, "missing_lines": [8], "excluded_lines": [], "start_line": 1}}, "classes": {"Settings": {"executed_lines": [36], "summary": {"covered_lines": 1, "num_statements": 1, "percent_covered": 100.0, "percent_covered_display": "100", "missing_lines": 0, "excluded_lines": 0, "percent_statements_covered": 100.0, "percent_statements_covered_display": "100"}, "missing_lines": [], "excluded_lines": [], "start_line": 16}, "": {"executed_lines": [1, 2, 4, 7, 10, 13, 16, 21, 22, 25, 28, 33, 34, 38, 41], "summary": {"covered_lines": 15, "num_statements": 16, "percent_covered": 93.75, "percent_covered_display": "94", "missing_lines": 1, "excluded_lines": 0, "percent_statements_covered": 93.75, "percent_statements_covered_display": "94"}, "missing_lines": [8], "excluded_lines": [], "start_line": 1}}}, "app\\db\\__init__.py": {"executed_lines": [], "summary": {"covered_lines": 0, "num_statements": 0, "percent_covered": 100.0, "percent_covered_display": "100", "missing_lines": 0, "excluded_lines": 0, "percent_statements_covered": 100.0, "percent_statements_covered_display": "100"}, "missing_lines": [], "excluded_lines": [], "functions": {"": {"executed_lines": [], "summary": {"covered_lines": 0, "num_statements": 0, "percent_covered": 100.0, "percent_covered_display": "100", "missing_lines": 0, "excluded_lines": 0, "percent_statements_covered": 100.0, "percent_statements_covered_display": "100"}, "missing_lines": [], "excluded_lines": [], "start_line": 1}}, "classes": {"": {"executed_lines": [], "summary": {"covered_lines": 0, "num_statements": 0, "percent_covered": 100.0, "percent_covered_display": "100", "missing_lines": 0, "excluded_lines": 0, "percent_statements_covered": 100.0, "percent_statements_covered_display": "100"}, "missing_lines": [], "excluded_lines": [], "start_line": 1}}}, "app\\db\\base.py": {"executed_lines": [1, 4], "summary": {"covered_lines": 2, "num_statements": 2, "percent_covered": 100.0, "percent_covered_display": "100", "missing_lines": 0, "excluded_lines": 0, "percent_statements_covered": 100.0, "percent_statements_covered_display": "100"}, "missing_lines": [], "excluded_lines": [], "functions": {"": {"executed_lines": [1, 4], "summary": {"covered_lines": 2, "num_statements": 2, "percent_covered": 100.0, "percent_covered_display": "100", "missing_lines": 0, "excluded_lines": 0, "percent_statements_covered": 100.0, "percent_statements_covered_display": "100"}, "missing_lines": [], "excluded_lines": [], "start_line": 1}}, "classes": {"Base": {"executed_lines": [], "summary": {"covered_lines": 0, "num_statements": 0, "percent_covered": 100.0, "percent_covered_display": "100", "missing_lines": 0, "excluded_lines": 0, "percent_statements_covered": 100.0, "percent_statements_covered_display": "100"}, "missing_lines": [], "excluded_lines": [], "start_line": 4}, "": {"executed_lines": [1, 4], "summary": {"covered_lines": 2, "num_statements": 2, "percent_covered": 100.0, "percent_covered_display": "100", "missing_lines": 0, "excluded_lines": 0, "percent_statements_covered": 100.0, "percent_statements_covered_display": "100"}, "missing_lines": [], "excluded_lines": [], "start_line": 1}}}, "app\\db\\models.py": {"executed_lines": [1, 3, 5, 15, 17, 20, 21, 23, 25, 26, 27, 28, 29, 30, 31, 32, 34, 35, 36, 38, 39, 40, 42, 43, 44, 46, 47, 48, 49, 50, 52, 58, 62, 63, 64, 65, 67, 70, 76, 81, 86, 90, 94, 98, 102, 107, 108, 110, 111, 116, 117, 118, 119, 120, 122, 124, 125, 127, 128, 133, 134, 135, 136, 138, 140, 141, 143, 144, 149, 150, 151, 152, 153, 155, 157, 158, 160, 161, 166, 167, 168, 169, 170, 171, 173, 175, 176, 178, 179, 184, 185, 186, 188, 191, 192, 194, 195, 196, 197, 198, 199, 203, 207, 208, 210, 211, 212, 213, 214, 215, 217, 221, 224, 226, 227, 228, 229, 230, 233, 234, 236, 237, 238, 239, 240, 243, 244, 246, 247, 248, 249, 250, 251, 258, 259, 261, 262, 263, 264, 265, 268, 271, 272, 276, 280, 281, 282, 286, 291, 292, 293, 294, 295, 296, 297], "summary": {"covered_lines": 155, "num_statements": 155, "percent_covered": 100.0, "percent_covered_display": "100", "missing_lines": 0, "excluded_lines": 0, "percent_statements_covered": 100.0, "percent_statements_covered_display": "100"}, "missing_lines": [], "excluded_lines": [], "functions": {"": {"executed_lines": [1, 3, 5, 15, 17, 20, 21, 23, 25, 26, 27, 28, 29, 30, 31, 32, 34, 35, 36, 38, 39, 40, 42, 43, 44, 46, 47, 48, 49, 50, 52, 58, 62, 63, 64, 65, 67, 70, 76, 81, 86, 90, 94, 98, 102, 107, 108, 110, 111, 116, 117, 118, 119, 120, 122, 124, 125, 127, 128, 133, 134, 135, 136, 138, 140, 141, 143, 144, 149, 150, 151, 152, 153, 155, 157, 158, 160, 161, 166, 167, 168, 169, 170, 171, 173, 175, 176, 178, 179, 184, 185, 186, 188, 191, 192, 194, 195, 196, 197, 198, 199, 203, 207, 208, 210, 211, 212, 213, 214, 215, 217, 221, 224, 226, 227, 228, 229, 230, 233, 234, 236, 237, 238, 239, 240, 243, 244, 246, 247, 248, 249, 250, 251, 258, 259, 261, 262, 263, 264, 265, 268, 271, 272, 276, 280, 281, 282, 286, 291, 292, 293, 294, 295, 296, 297], "summary": {"covered_lines": 155, "num_statements": 155, "percent_covered": 100.0, "percent_covered_display": "100", "missing_lines": 0, "excluded_lines": 0, "percent_statements_covered": 100.0, "percent_statements_covered_display": "100"}, "missing_lines": [], "excluded_lines": [], "start_line": 1}}, "classes": {"Exercise": {"executed_lines": [], "summary": {"covered_lines": 0, "num_statements": 0, "percent_covered": 100.0, "percent_covered_display": "100", "missing_lines": 0, "excluded_lines": 0, "percent_statements_covered": 100.0, "percent_statements_covered_display": "100"}, "missing_lines": [], "excluded_lines": [], "start_line": 20}, "ExerciseH1Peak": {"executed_lines": [], "summary": {"covered_lines": 0, "num_statements": 0, "percent_covered": 100.0, "percent_covered_display": "100", "missing_lines": 0, "excluded_lines": 0, "percent_statements_covered": 100.0, "percent_statements_covered_display": "100"}, "missing_lines": [], "excluded_lines": [], "start_line": 107}, "ExerciseC13Peak": {"executed_lines": [], "summary": {"covered_lines": 0, "num_statements": 0, "percent_covered": 100.0, "percent_covered_display": "100", "missing_lines": 0, "excluded_lines": 0, "percent_statements_covered": 100.0, "percent_statements_covered_display": "100"}, "missing_lines": [], "excluded_lines": [], "start_line": 124}, "ExerciseC13Coupling": {"executed_lines": [], "summary": {"covered_lines": 0, "num_statements": 0, "percent_covered": 100.0, "percent_covered_display": "100", "missing_lines": 0, "excluded_lines": 0, "percent_statements_covered": 100.0, "percent_statements_covered_display": "100"}, "missing_lines": [], "excluded_lines": [], "start_line": 140}, "ExerciseAdditionalNuclei": {"executed_lines": [], "summary": {"covered_lines": 0, "num_statements": 0, "percent_covered": 100.0, "percent_covered_display": "100", "missing_lines": 0, "excluded_lines": 0, "percent_statements_covered": 100.0, "percent_statements_covered_display": "100"}, "missing_lines": [], "excluded_lines": [], "start_line": 157}, "ExerciseAdditionalSpectrum": {"executed_lines": [], "summary": {"covered_lines": 0, "num_statements": 0, "percent_covered": 100.0, "percent_covered_display": "100", "missing_lines": 0, "excluded_lines": 0, "percent_statements_covered": 100.0, "percent_statements_covered_display": "100"}, "missing_lines": [], "excluded_lines": [], "start_line": 175}, "Fragment": {"executed_lines": [], "summary": {"covered_lines": 0, "num_statements": 0, "percent_covered": 100.0, "percent_covered_display": "100", "missing_lines": 0, "excluded_lines": 0, "percent_statements_covered": 100.0, "percent_statements_covered_display": "100"}, "missing_lines": [], "excluded_lines": [], "start_line": 191}, "TagsUsed": {"executed_lines": [], "summary": {"covered_lines": 0, "num_statements": 0, "percent_covered": 100.0, "percent_covered_display": "100", "missing_lines": 0, "excluded_lines": 0, "percent_statements_covered": 100.0, "percent_statements_covered_display": "100"}, "missing_lines": [], "excluded_lines": [], "start_line": 207}, "PredefinedFragment": {"executed_lines": [], "summary": {"covered_lines": 0, "num_statements": 0, "percent_covered": 100.0, "percent_covered_display": "100", "missing_lines": 0, "excluded_lines": 0, "percent_statements_covered": 100.0, "percent_statements_covered_display": "100"}, "missing_lines": [], "excluded_lines": [], "start_line": 221}, "WorkingSolution": {"executed_lines": [], "summary": {"covered_lines": 0, "num_statements": 0, "percent_covered": 100.0, "percent_covered_display": "100", "missing_lines": 0, "excluded_lines": 0, "percent_statements_covered": 100.0, "percent_statements_covered_display": "100"}, "missing_lines": [], "excluded_lines": [], "start_line": 233}, "LogbookState": {"executed_lines": [], "summary": {"covered_lines": 0, "num_statements": 0, "percent_covered": 100.0, "percent_covered_display": "100", "missing_lines": 0, "excluded_lines": 0, "percent_statements_covered": 100.0, "percent_statements_covered_display": "100"}, "missing_lines": [], "excluded_lines": [], "start_line": 243}, "Statistics": {"executed_lines": [], "summary": {"covered_lines": 0, "num_statements": 0, "percent_covered": 100.0, "percent_covered_display": "100", "missing_lines": 0, "excluded_lines": 0, "percent_statements_covered": 100.0, "percent_statements_covered_display": "100"}, "missing_lines": [], "excluded_lines": [], "start_line": 258}, "UserSettings": {"executed_lines": [], "summary": {"covered_lines": 0, "num_statements": 0, "percent_covered": 100.0, "percent_covered_display": "100", "missing_lines": 0, "excluded_lines": 0, "percent_statements_covered": 100.0, "percent_statements_covered_display": "100"}, "missing_lines": [], "excluded_lines": [], "start_line": 280}, "": {"executed_lines": [1, 3, 5, 15, 17, 20, 21, 23, 25, 26, 27, 28, 29, 30, 31, 32, 34, 35, 36, 38, 39, 40, 42, 43, 44, 46, 47, 48, 49, 50, 52, 58, 62, 63, 64, 65, 67, 70, 76, 81, 86, 90, 94, 98, 102, 107, 108, 110, 111, 116, 117, 118, 119, 120, 122, 124, 125, 127, 128, 133, 134, 135, 136, 138, 140, 141, 143, 144, 149, 150, 151, 152, 153, 155, 157, 158, 160, 161, 166, 167, 168, 169, 170, 171, 173, 175, 176, 178, 179, 184, 185, 186, 188, 191, 192, 194, 195, 196, 197, 198, 199, 203, 207, 208, 210, 211, 212, 213, 214, 215, 217, 221, 224, 226, 227, 228, 229, 230, 233, 234, 236, 237, 238, 239, 240, 243, 244, 246, 247, 248, 249, 250, 251, 258, 259, 261, 262, 263, 264, 265, 268, 271, 272, 276, 280, 281, 282, 286, 291, 292, 293, 294, 295, 296, 297], "summary": {"covered_lines": 155, "num_statements": 155, "percent_covered": 100.0, "percent_covered_display": "100", "missing_lines": 0, "excluded_lines": 0, "percent_statements_covered": 100.0, "percent_statements_covered_display": "100"}, "missing_lines": [], "excluded_lines": [], "start_line": 1}}}, "app\\db\\session.py": {"executed_lines": [1, 3, 4, 5, 7, 8, 10, 11, 12, 23, 24, 25, 26, 27, 30, 35, 37, 38, 39, 41, 42, 43, 52, 55, 56, 57, 58, 59, 60, 62, 63, 64, 65, 70, 72, 75, 78, 80, 81, 82, 84, 86, 89, 90, 92, 93, 95, 118, 119, 121, 123, 124, 133, 134, 142, 143, 150, 153, 155, 158, 159, 160, 161, 162, 163, 165, 166, 167, 168, 173, 175, 178, 181, 182, 183, 184, 185, 186, 188, 189, 190, 191, 197, 199, 203, 211, 213, 215, 216, 219, 220, 221, 225, 228, 231, 234, 237, 240, 243, 246, 249, 259, 264, 267, 272, 273, 274, 279, 280, 281, 286, 287, 288, 293, 298, 299, 300, 303, 305, 308, 313, 315, 317, 318, 319, 320, 321, 322, 323, 326, 327, 328, 329, 330, 332], "summary": {"covered_lines": 1
[...]
g_lines": 0, "excluded_lines": 0, "percent_statements_covered": 100.0, "percent_statements_covered_display": "100"}, "missing_lines": [], "excluded_lines": [], "start_line": 115}, "test_clearing_logbook_removes_deleted_fragments": {"executed_lines": [128, 132, 135, 136, 137, 138, 140, 142, 144, 145, 146, 147, 149], "summary": {"covered_lines": 13, "num_statements": 13, "percent_covered": 100.0, "percent_covered_display": "100", "missing_lines": 0, "excluded_lines": 0, "percent_statements_covered": 100.0, "percent_statements_covered_display": "100"}, "missing_lines": [], "excluded_lines": [], "start_line": 122}, "test_clearing_keeps_active_fragments": {"executed_lines": [155, 160, 162, 163], "summary": {"covered_lines": 4, "num_statements": 4, "percent_covered": 100.0, "percent_covered_display": "100", "missing_lines": 0, "excluded_lines": 0, "percent_statements_covered": 100.0, "percent_statements_covered_display": "100"}, "missing_lines": [], "excluded_lines": [], "start_line": 152}, "test_clearing_one_exercise_does_not_affect_another": {"executed_lines": [169, 173, 175, 177, 178, 179, 180, 182], "summary": {"covered_lines": 8, "num_statements": 8, "percent_covered": 100.0, "percent_covered_display": "100", "missing_lines": 0, "excluded_lines": 0, "percent_statements_covered": 100.0, "percent_statements_covered_display": "100"}, "missing_lines": [], "excluded_lines": [], "start_line": 166}, "test_clearing_needs_exercise_id": {"executed_lines": [186, 187], "summary": {"covered_lines": 2, "num_statements": 2, "percent_covered": 100.0, "percent_covered_display": "100", "missing_lines": 0, "excluded_lines": 0, "percent_statements_covered": 100.0, "percent_statements_covered_display": "100"}, "missing_lines": [], "excluded_lines": [], "start_line": 185}, "test_saving_many_entries_does_not_cut_them": {"executed_lines": [195, 205, 207, 209, 211, 212], "summary": {"covered_lines": 6, "num_statements": 6, "percent_covered": 100.0, "percent_covered_display": "100", "missing_lines": 0, "excluded_lines": 0, "percent_statements_covered": 100.0, "percent_statements_covered_display": "100"}, "missing_lines": [], "excluded_lines": [], "start_line": 190}, "": {"executed_lines": [6, 8, 9, 12, 24, 29, 44, 60, 77, 83, 89, 104, 115, 122, 152, 166, 185, 190], "summary": {"covered_lines": 18, "num_statements": 18, "percent_covered": 100.0, "percent_covered_display": "100", "missing_lines": 0, "excluded_lines": 0, "percent_statements_covered": 100.0, "percent_statements_covered_display": "100"}, "missing_lines": [], "excluded_lines": [], "start_line": 1}}, "classes": {"": {"executed_lines": [6, 8, 9, 12, 18, 19, 20, 21, 24, 25, 26, 29, 30, 35, 36, 37, 39, 40, 41, 44, 45, 46, 51, 52, 53, 55, 56, 57, 60, 63, 64, 65, 66, 68, 69, 71, 72, 73, 74, 77, 78, 79, 80, 83, 84, 85, 86, 89, 92, 93, 95, 96, 97, 98, 99, 101, 104, 105, 106, 108, 109, 111, 112, 115, 118, 119, 122, 128, 132, 135, 136, 137, 138, 140, 142, 144, 145, 146, 147, 149, 152, 155, 160, 162, 163, 166, 169, 173, 175, 177, 178, 179, 180, 182, 185, 186, 187, 190, 195, 205, 207, 209, 211, 212], "summary": {"covered_lines": 104, "num_statements": 104, "percent_covered": 100.0, "percent_covered_display": "100", "missing_lines": 0, "excluded_lines": 0, "percent_statements_covered": 100.0, "percent_statements_covered_display": "100"}, "missing_lines": [], "excluded_lines": [], "start_line": 1}}}, "tests\\test_predefined_fragments_api.py": {"executed_lines": [1, 2, 3, 4, 7, 8, 9, 10, 11, 12, 13, 14, 15, 16, 18, 19, 20, 23, 24, 27, 31, 32, 33, 34, 35, 38, 39, 42, 45, 49, 50, 51, 52, 53, 54, 57, 58, 59, 62, 63, 67, 68, 69, 72, 73, 77, 78, 80, 81, 84, 85, 88, 92, 94, 95, 96, 97], "summary": {"covered_lines": 57, "num_statements": 57, "percent_covered": 100.0, "percent_covered_display": "100", "missing_lines": 0, "excluded_lines": 0, "percent_statements_covered": 100.0, "percent_statements_covered_display": "100"}, "missing_lines": [], "excluded_lines": [], "functions": {"test_list_predefined_fragments_empty": {"executed_lines": [2, 3, 4], "summary": {"covered_lines": 3, "num_statements": 3, "percent_covered": 100.0, "percent_covered_display": "100", "missing_lines": 0, "excluded_lines": 0, "percent_statements_covered": 100.0, "percent_statements_covered_display": "100"}, "missing_lines": [], "excluded_lines": [], "start_line": 1}, "test_create_and_list_predefined_fragment": {"executed_lines": [8, 9, 10, 11, 12, 13, 14, 15, 16, 18, 19, 20], "summary": {"covered_lines": 12, "num_statements": 12, "percent_covered": 100.0, "percent_covered_display": "100", "missing_lines": 0, "excluded_lines": 0, "percent_statements_covered": 100.0, "percent_statements_covered_display": "100"}, "missing_lines": [], "excluded_lines": [], "start_line": 7}, "test_search_by_keyword": {"executed_lines": [24, 27, 31, 32, 33, 34, 35], "summary": {"covered_lines": 7, "num_statements": 7, "percent_covered": 100.0, "percent_covered_display": "100", "missing_lines": 0, "excluded_lines": 0, "percent_statements_covered": 100.0, "percent_statements_covered_display": "100"}, "missing_lines": [], "excluded_lines": [], "start_line": 23}, "test_search_by_regex": {"executed_lines": [39, 42, 45, 49, 50, 51, 52, 53, 54], "summary": {"covered_lines": 9, "num_statements": 9, "percent_covered": 100.0, "percent_covered_display": "100", "missing_lines": 0, "excluded_lines": 0, "percent_statements_covered": 100.0, "percent_statements_covered_display": "100"}, "missing_lines": [], "excluded_lines": [], "start_line": 38}, "test_search_invalid_regex": {"executed_lines": [58, 59], "summary": {"covered_lines": 2, "num_statements": 2, "percent_covered": 100.0, "percent_covered_display": "100", "missing_lines": 0, "excluded_lines": 0, "percent_statements_covered": 100.0, "percent_statements_covered_display": "100"}, "missing_lines": [], "excluded_lines": [], "start_line": 57}, "test_search_matches_name_too": {"executed_lines": [63, 67, 68, 69], "summary": {"covered_lines": 4, "num_statements": 4, "percent_covered": 100.0, "percent_covered_display": "100", "missing_lines": 0, "excluded_lines": 0, "percent_statements_covered": 100.0, "percent_statements_covered_display": "100"}, "missing_lines": [], "excluded_lines": [], "start_line": 62}, "test_delete_predefined_fragment": {"executed_lines": [73, 77, 78, 80, 81], "summary": {"covered_lines": 5, "num_statements": 5, "percent_covered": 100.0, "percent_covered_display": "100", "missing_lines": 0, "excluded_lines": 0, "percent_statements_covered": 100.0, "percent_statements_covered_display": "100"}, "missing_lines": [], "excluded_lines": [], "start_line": 72}, "test_delete_does_not_affect_other_fragments": {"executed_lines": [85, 88, 92, 94, 95, 96, 97], "summary": {"covered_lines": 7, "num_statements": 7, "percent_covered": 100.0, "percent_covered_display": "100", "missing_lines": 0, "excluded_lines": 0, "percent_statements_covered": 100.0, "percent_statements_covered_display": "100"}, "missing_lines": [], "excluded_lines": [], "start_line": 84}, "": {"executed_lines": [1, 7, 23, 38, 57, 62, 72, 84], "summary": {"covered_lines": 8, "num_statements": 8, "percent_covered": 100.0, "percent_covered_display": "100", "missing_lines": 0, "excluded_lines": 0, "percent_statements_covered": 100.0, "percent_statements_covered_display": "100"}, "missing_lines": [], "excluded_lines": [], "start_line": 1}}, "classes": {"": {"executed_lines": [1, 2, 3, 4, 7, 8, 9, 10, 11, 12, 13, 14, 15, 16, 18, 19, 20, 23, 24, 27, 31, 32, 33, 34, 35, 38, 39, 42, 45, 49, 50, 51, 52, 53, 54, 57, 58, 59, 62, 63, 67, 68, 69, 72, 73, 77, 78, 80, 81, 84, 85, 88, 92, 94, 95, 96, 97], "summary": {"covered_lines": 57, "num_statements": 57, "percent_covered": 100.0, "percent_covered_display": "100", "missing_lines": 0, "excluded_lines": 0, "percent_statements_covered": 100.0, "percent_statements_covered_display": "100"}, "missing_lines": [], "excluded_lines": [], "start_line": 1}}}, "tests\\test_reset_api.py": {"executed_lines": [7, 8, 11, 12, 16, 21, 27, 28, 30, 31, 32, 33, 37, 41, 44, 45, 49, 55, 57, 58, 60, 61, 64, 65, 68, 71, 72, 73], "summary": {"covered_lines": 28, "num_statements": 28, "percent_covered": 100.0, "percent_covered_display": "100", "missing_lines": 0, "excluded_lines": 0, "percent_statements_covered": 100.0, "percent_statements_covered_display": "100"}, "missing_lines": [], "excluded_lines": [], "functions": {"test_reset_clears_fragments_working_solution_and_logbook": {"executed_lines": [12, 16, 21, 27, 28, 30, 31, 32, 33, 37, 41], "summary": {"covered_lines": 11, "num_statements": 11, "percent_covered": 100.0, "percent_covered_display": "100", "missing_lines": 0, "excluded_lines": 0, "percent_statements_covered": 100.0, "percent_statements_covered_display": "100"}, "missing_lines": [], "excluded_lines": [], "start_line": 11}, "test_reset_doesnt_touch_other_exercises": {"executed_lines": [45, 49, 55, 57, 58, 60, 61], "summary": {"covered_lines": 7, "num_statements": 7, "percent_covered": 100.0, "percent_covered_display": "100", "missing_lines": 0, "excluded_lines": 0, "percent_statements_covered": 100.0, "percent_statements_covered_display": "100"}, "missing_lines": [], "excluded_lines": [], "start_line": 44}, "test_reset_of_empty_exercise_succeeds": {"executed_lines": [65, 68], "summary": {"covered_lines": 2, "num_statements": 2, "percent_covered": 100.0, "percent_covered_display": "100", "missing_lines": 0, "excluded_lines": 0, "percent_statements_covered": 100.0, "percent_statements_covered_display": "100"}, "missing_lines": [], "excluded_lines": [], "start_line": 64}, "test_reset_needs_exercise_id": {"executed_lines": [72, 73], "summary": {"covered_lines": 2, "num_statements": 2, "percent_covered": 100.0, "percent_covered_display": "100", "missing_lines": 0, "excluded_lines": 0, "percent_statements_covered": 100.0, "percent_statements_covered_display": "100"}, "missing_lines": [], "excluded_lines": [], "start_line": 71}, "": {"executed_lines": [7, 8, 11, 44, 64, 71], "summary": {"covered_lines": 6, "num_statements": 6, "percent_covered": 100.0, "percent_covered_display": "100", "missing_lines": 0, "excluded_lines": 0, "percent_statements_covered": 100.0, "percent_statements_covered_display": "100"}, "missing_lines": [], "excluded_lines": [], "start_line": 1}}, "classes": {"": {"executed_lines": [7, 8, 11, 12, 16, 21, 27, 28, 30, 31, 32, 33, 37, 41, 44, 45, 49, 55, 57, 58, 60, 61, 64, 65, 68, 71, 72, 73], "summary": {"covered_lines": 28, "num_statements": 28, "percent_covered": 100.0, "percent_covered_display": "100", "missing_lines": 0, "excluded_lines": 0, "percent_statements_covered": 100.0, "percent_statements_covered_display": "100"}, "missing_lines": [], "excluded_lines": [], "start_line": 1}}}, "tests\\test_seeded_cas_answers.py": {"executed_lines": [1, 2, 5, 6, 8, 9, 10, 13, 18, 20, 22, 23, 27, 28], "summary": {"covered_lines": 14, "num_statements": 14, "percent_covered": 100.0, "percent_covered_display": "100", "missing_lines": 0, "excluded_lines": 0, "percent_statements_covered": 100.0, "percent_statements_covered_display": "100"}, "missing_lines": [], "excluded_lines": [], "functions": {"test_seeded_exercises_have_cas_answers_and_validate": {"executed_lines": [6, 8, 9, 10, 13, 18, 20, 22, 23, 27, 28], "summary": {"covered_lines": 11, "num_statements": 11, "percent_covered": 100.0, "percent_covered_display": "100", "missing_lines": 0, "excluded_lines": 0, "percent_statements_covered": 100.0, "percent_statements_covered_display": "100"}, "missing_lines": [], "excluded_lines": [], "start_line": 5}, "": {"executed_lines": [1, 2, 5], "summary": {"covered_lines": 3, "num_statements": 3, "percent_covered": 100.0, "percent_covered_display": "100", "missing_lines": 0, "excluded_lines": 0, "percent_statements_covered": 100.0, "percent_statements_covered_display": "100"}, "missing_lines": [], "excluded_lines": [], "start_line": 1}}, "classes": {"": {"executed_lines": [1, 2, 5, 6, 8, 9, 10, 13, 18, 20, 22, 23, 27, 28], "summary": {"covered_lines": 14, "num_statements": 14, "percent_covered": 100.0, "percent_covered_display": "100", "missing_lines": 0, "excluded_lines": 0, "percent_statements_covered": 100.0, "percent_statements_covered_display": "100"}, "missing_lines": [], "excluded_lines": [], "start_line": 1}}}, "tests\\test_warnings.py": {"executed_lines": [1, 3, 14, 15, 16, 17, 18, 19, 20, 21, 24, 25, 33, 34, 37, 38, 40, 41, 42, 45, 46, 52, 53, 56, 57, 59, 60, 61, 64, 65, 71, 72, 74, 75, 76, 78, 80, 81, 82, 84, 87, 88, 89, 91, 97, 98, 99, 101, 104, 105, 106, 108, 111, 112, 113, 115, 117, 118, 119, 121, 122, 124, 127, 128, 137, 140, 141, 151, 152], "summary": {"covered_lines": 69, "num_statements": 69, "percent_covered": 100.0, "percent_covered_display": "100", "missing_lines": 0, "excluded_lines": 0, "percent_statements_covered": 100.0, "percent_statements_covered_display": "100"}, "missing_lines": [], "excluded_lines": [], "functions": {"test_count_atoms_complex_molecule_with_chlorine": {"executed_lines": [15, 16, 17, 18, 19, 20, 21], "summary": {"covered_lines": 7, "num_statements": 7, "percent_covered": 100.0, "percent_covered_display": "100", "missing_lines": 0, "excluded_lines": 0, "percent_statements_covered": 100.0, "percent_statements_covered_display": "100"}, "missing_lines": [], "excluded_lines": [], "start_line": 14}, "test_calculate_dbe_complex_molecule_with_chlorine": {"executed_lines": [25, 33, 34], "summary": {"covered_lines": 3, "num_statements": 3, "percent_covered": 100.0, "percent_covered_display": "100", "missing_lines": 0, "excluded_lines": 0, "percent_statements_covered": 100.0, "percent_statements_covered_display": "100"}, "missing_lines": [], "excluded_lines": [], "start_line": 24}, "test_count_atoms_normal_molecule": {"executed_lines": [38, 40, 41, 42], "summary": {"covered_lines": 4, "num_statements": 4, "percent_covered": 100.0, "percent_covered_display": "100", "missing_lines": 0, "excluded_lines": 0, "percent_statements_covered": 100.0, "percent_statements_covered_display": "100"}, "missing_lines": [], "excluded_lines": [], "start_line": 37}, "test_calculate_dbe_normal_molecule": {"executed_lines": [46, 52, 53], "summary": {"covered_lines": 3, "num_statements": 3, "percent_covered": 100.0, "percent_covered_display": "100", "missing_lines": 0, "excluded_lines": 0, "percent_statements_covered": 100.0, "percent_statements_covered_display": "100"}, "missing_lines": [], "excluded_lines": [], "start_line": 45}, "test_count_atoms_charged_molecule": {"executed_lines": [57, 59, 60, 61], "summary": {"covered_lines": 4, "num_statements": 4, "percent_covered": 100.0, "percent_covered_display": "100", "missing_lines": 0, "excluded_lines": 0, "percent_statements_covered": 100.0, "percent_statements_covered_display": "100"}, "missing_lines": [], "excluded_lines": [], "start_line": 56}, "test_calculate_dbe_charged_molecule": {"executed_lines": [65, 71, 72], "summary": {"covered_lines": 3, "num_statements": 3, "percent_covered": 100.0, "percent_covered_display": "100", "missing_lines": 0, "excluded_lines": 0, "percent_statements_covered": 100.0, "percent_statements_covered_display": "100"}, "missing_lines": [], "excluded_lines": [], "start_line": 64}, "test_warning_false_when_fragments_do_not_exceed_formula": {"executed_lines": [75, 76, 78], "summary": {"covered_lines": 3, "num_statements": 3, "percent_covered": 100.0, "percent_covered_display": "100", "missing_lines": 0, "excluded_lines": 0, "percent_statements_covered": 100.0, "percent_statements_covered_display": "100"}, "missing_lines": [], "excluded_lines": [], "start_line": 74}, "test_warning_false_when_hydrogen_exceeds_formula_but_hydrogen_warning_disabled": {"executed_lines": [81, 82, 84], "summary": {"covered_lines": 3, "num_statements": 3, "percent_covered": 100.0, "percent_covered_display": "100", "missing_lines": 0, "excluded_lines": 0, "percent_statements_covered": 100.0, "percent_statements_covered_display": "100"}, "missing_lines": [], "excluded_lines": [], "start_line": 80}, "test_warning_true_when_hydrogen_exceeds_formula_and_hydrogen_warning_enabled": {"executed_lines": [88, 89, 91], "summary": {"covered_lines": 3, "num_statements": 3, "percent_covered": 100.0, "percent_covered_display": "100", "missing_lines": 0, "excluded_lines": 0, "percent_statements_covered": 100.0, "percent_statements_covered_display": "100"}, "missing_lines": [], "excluded_lines": [], "start_line": 87}, "test_warning_true_when_fragments_exceed_formula": {"executed_lines": [98, 99, 101], "summary": {"covered_lines": 3, "num_statements": 3, "percent_covered": 100.0, "percent_covered_display": "100", "missing_lines": 0, "excluded_lines": 0, "percent_statements_covered": 100.0, "percent_statements_covered_display": "100"}, "missing_lines": [], "excluded_lines": [], "start_line": 97}, "test_warning_false_when_no_fragments": {"executed_lines": [105, 106, 108], "summary": {"covered_lines": 3, "num_statements": 3, "percent_covered": 100.0, "percent_covered_display": "100", "missing_lines": 0, "excluded_lines": 0, "percent_statements_covered": 100.0, "percent_statements_covered_display": "100"}, "missing_lines": [], "excluded_lines": [], "start_line": 104}, "test_warning_with_multiletter_element_and_hydrate": {"executed_lines": [112, 113, 115], "summary": {"covered_lines": 3, "num_statements": 3, "percent_covered": 100.0, "percent_covered_display": "100", "missing_lines": 0, "excluded_lines": 0, "percent_statements_covered": 100.0, "percent_statements_covered_display": "100"}, "missing_lines": [], "excluded_lines": [], "start_line": 111}, "test_warning_true_when_fragment_dbe_exceeds_formula_dbe": {"executed_lines": [118, 119, 121, 122, 124], "summary": {"covered_lines": 5, "num_statements": 5, "percent_covered": 100.0, "percent_covered_display": "100", "missing_lines": 0, "excluded_lines": 0, "percent_statements_covered": 100.0, "percent_statements_covered_display": "100"}, "missing_lines": [], "excluded_lines": [], "start_line": 117}, "test_receive_warnings_ignores_hydrogen_by_default": {"executed_lines": [128, 137], "summary": {"covered_lines": 2, "num_statements": 2, "percent_covered": 100.0, "percent_covered_display": "100", "missing_lines": 0, "excluded_lines": 0, "percent_statements_covered": 100.0, "percent_statements_covered_display": "100"}, "missing_lines": [], "excluded_lines": [], "start_line": 127}, "test_receive_warnings_includes_hydrogen_when_enabled": {"executed_lines": [141, 151, 152], "summary": {"covered_lines": 3, "num_statements": 3, "percent_covered": 100.0, "percent_covered_display": "100", "missing_lines": 0, "excluded_lines": 0, "percent_statements_covered": 100.0, "percent_statements_covered_display": "100"}, "missing_lines": [], "excluded_lines": [], "start_line": 140}, "": {"executed_lines": [1, 3, 14, 24, 37, 45, 56, 64, 74, 80, 87, 97, 104, 111, 117, 127, 140], "summary": {"covered_lines": 17, "num_statements": 17, "percent_covered": 100.0, "percent_covered_display": "100", "missing_lines": 0, "excluded_lines": 0, "percent_statements_covered": 100.0, "percent_statements_covered_display": "100"}, "missing_lines": [], "excluded_lines": [], "start_line": 1}}, "classes": {"": {"executed_lines": [1, 3, 14, 15, 16, 17, 18, 19, 20, 21, 24, 25, 33, 34, 37, 38, 40, 41, 42, 45, 46, 52, 53, 56, 57, 59, 60, 61, 64, 65, 71, 72, 74, 75, 76, 78, 80, 81, 82, 84, 87, 88, 89, 91, 97, 98, 99, 101, 104, 105, 106, 108, 111, 112, 113, 115, 117, 118, 119, 121, 122, 124, 127, 128, 137, 140, 141, 151, 152], "summary": {"covered_lines": 69, "num_statements": 69, "percent_covered": 100.0, "percent_covered_display": "100", "missing_lines": 0, "excluded_lines": 0, "percent_statements_covered": 100.0, "percent_statements_covered_display": "100"}, "missing_lines": [], "excluded_lines": [], "start_line": 1}}}}, "totals": {"covered_lines": 2135, "num_statements": 2363, "percent_covered": 90.35124841303428, "percent_covered_display": "90", "missing_lines": 228, "excluded_lines": 0, "percent_statements_covered": 90.35124841303428, "percent_statements_covered_display": "90"}}